TN:
SF:src/3d-effects.ts
FN:20,(anonymous_0)
FN:25,(anonymous_1)
FN:38,(anonymous_2)
FN:45,(anonymous_3)
FN:54,(anonymous_4)
FN:60,(anonymous_5)
FN:68,(anonymous_6)
FN:72,(anonymous_7)
FN:80,(anonymous_8)
FN:95,(anonymous_9)
FN:102,(anonymous_10)
FN:111,(anonymous_11)
FN:116,(anonymous_12)
FN:117,(anonymous_13)
FN:125,(anonymous_14)
FN:133,(anonymous_15)
FN:140,(anonymous_16)
FN:148,(anonymous_17)
FN:155,(anonymous_18)
FN:161,(anonymous_19)
FN:166,(anonymous_20)
FN:176,(anonymous_21)
FN:179,(anonymous_22)
FN:183,(anonymous_23)
FN:189,(anonymous_24)
FN:196,(anonymous_25)
FN:204,(anonymous_26)
FN:223,(anonymous_27)
FN:227,(anonymous_28)
FN:242,initialize3DEffects
FNF:30
FNH:0
FNDA:0,(anonymous_0)
FNDA:0,(anonymous_1)
FNDA:0,(anonymous_2)
FNDA:0,(anonymous_3)
FNDA:0,(anonymous_4)
FNDA:0,(anonymous_5)
FNDA:0,(anonymous_6)
FNDA:0,(anonymous_7)
FNDA:0,(anonymous_8)
FNDA:0,(anonymous_9)
FNDA:0,(anonymous_10)
FNDA:0,(anonymous_11)
FNDA:0,(anonymous_12)
FNDA:0,(anonymous_13)
FNDA:0,(anonymous_14)
FNDA:0,(anonymous_15)
FNDA:0,(anonymous_16)
FNDA:0,(anonymous_17)
FNDA:0,(anonymous_18)
FNDA:0,(anonymous_19)
FNDA:0,(anonymous_20)
FNDA:0,(anonymous_21)
FNDA:0,(anonymous_22)
FNDA:0,(anonymous_23)
FNDA:0,(anonymous_24)
FNDA:0,(anonymous_25)
FNDA:0,(anonymous_26)
FNDA:0,(anonymous_27)
FNDA:0,(anonymous_28)
FNDA:0,initialize3DEffects
DA:1,0
DA:18,0
DA:21,0
DA:22,0
DA:27,0
DA:28,0
DA:37,0
DA:38,0
DA:39,0
DA:46,0
DA:47,0
DA:48,0
DA:51,0
DA:54,0
DA:55,0
DA:56,0
DA:62,0
DA:63,0
DA:64,0
DA:70,0
DA:71,0
DA:72,0
DA:73,0
DA:74,0
DA:81,0
DA:83,0
DA:86,0
DA:87,0
DA:90,0
DA:91,0
DA:96,0
DA:98,0
DA:103,0
DA:104,0
DA:105,0
DA:108,0
DA:111,0
DA:112,0
DA:116,0
DA:117,0
DA:118,0
DA:120,0
DA:126,0
DA:127,0
DA:128,0
DA:131,0
DA:133,0
DA:134,0
DA:135,0
DA:141,0
DA:142,0
DA:143,0
DA:146,0
DA:148,0
DA:149,0
DA:150,0
DA:156,0
DA:158,0
DA:162,0
DA:167,0
DA:169,0
DA:170,0
DA:171,0
DA:177,0
DA:179,0
DA:180,0
DA:183,0
DA:184,0
DA:190,0
DA:192,0
DA:197,0
DA:199,0
DA:200,0
DA:205,0
DA:208,0
DA:210,0
DA:211,0
DA:212,0
DA:216,0
DA:217,0
DA:218,0
DA:224,0
DA:228,0
DA:243,0
DA:244,0
DA:247,0
DA:248,0
DA:250,0
DA:254,0
LF:89
LH:0
BRDA:39,0,0,0
BRDA:39,0,1,0
BRDA:39,0,2,0
BRDA:46,1,0,0
BRDA:46,1,1,0
BRDA:63,2,0,0
BRDA:63,2,1,0
BRDA:71,3,0,0
BRDA:71,3,1,0
BRDA:73,4,0,0
BRDA:73,4,1,0
BRDA:73,5,0,0
BRDA:73,5,1,0
BRDA:81,6,0,0
BRDA:81,6,1,0
BRDA:86,7,0,0
BRDA:86,7,1,0
BRDA:90,8,0,0
BRDA:90,8,1,0
BRDA:96,9,0,0
BRDA:96,9,1,0
BRDA:103,10,0,0
BRDA:103,10,1,0
BRDA:104,11,0,0
BRDA:104,11,1,0
BRDA:120,12,0,0
BRDA:120,12,1,0
BRDA:126,13,0,0
BRDA:126,13,1,0
BRDA:127,14,0,0
BRDA:127,14,1,0
BRDA:135,15,0,0
BRDA:135,15,1,0
BRDA:141,16,0,0
BRDA:141,16,1,0
BRDA:142,17,0,0
BRDA:142,17,1,0
BRDA:150,18,0,0
BRDA:150,18,1,0
BRDA:156,19,0,0
BRDA:156,19,1,0
BRDA:166,20,0,0
BRDA:166,21,0,0
BRDA:167,22,0,0
BRDA:167,22,1,0
BRDA:170,23,0,0
BRDA:170,23,1,0
BRDA:177,24,0,0
BRDA:177,24,1,0
BRDA:190,25,0,0
BRDA:190,25,1,0
BRDA:196,26,0,0
BRDA:197,27,0,0
BRDA:197,27,1,0
BRDA:205,28,0,0
BRDA:205,28,1,0
BRDA:210,29,0,0
BRDA:210,29,1,0
BRDA:216,30,0,0
BRDA:216,30,1,0
BRDA:230,31,0,0
BRDA:230,31,1,0
BRDA:247,32,0,0
BRDA:247,32,1,0
BRF:64
BRH:0
end_of_record
TN:
SF:src/collectibles-manager.ts
FN:78,(anonymous_9)
FN:123,(anonymous_10)
FN:124,(anonymous_11)
FN:130,(anonymous_12)
FN:143,(anonymous_13)
FN:151,(anonymous_14)
FN:152,(anonymous_15)
FN:153,(anonymous_16)
FN:154,(anonymous_17)
FN:162,(anonymous_18)
FN:173,(anonymous_19)
FN:196,(anonymous_20)
FN:205,(anonymous_21)
FN:214,(anonymous_22)
FN:227,(anonymous_23)
FN:241,(anonymous_24)
FN:263,(anonymous_25)
FN:273,(anonymous_26)
FN:288,(anonymous_27)
FN:334,(anonymous_28)
FN:347,(anonymous_29)
FN:347,(anonymous_30)
FN:352,(anonymous_31)
FN:364,(anonymous_32)
FN:380,(anonymous_33)
FN:393,(anonymous_34)
FN:462,(anonymous_35)
FN:468,(anonymous_36)
FN:478,(anonymous_37)
FN:486,(anonymous_38)
FN:495,(anonymous_39)
FN:538,(anonymous_40)
FN:540,(anonymous_41)
FN:556,(anonymous_42)
FN:556,(anonymous_43)
FN:566,(anonymous_44)
FN:575,(anonymous_45)
FN:608,(anonymous_46)
FN:613,(anonymous_47)
FN:615,(anonymous_48)
FN:623,(anonymous_49)
FN:630,(anonymous_50)
FN:634,(anonymous_51)
FN:657,(anonymous_52)
FN:658,(anonymous_53)
FN:658,(anonymous_54)
FN:662,(anonymous_55)
FN:665,(anonymous_56)
FN:675,(anonymous_57)
FN:675,(anonymous_58)
FN:677,(anonymous_59)
FN:685,(anonymous_60)
FN:704,(anonymous_61)
FN:707,(anonymous_62)
FN:710,(anonymous_63)
FN:724,(anonymous_64)
FN:733,(anonymous_65)
FN:764,(anonymous_66)
FN:781,(anonymous_67)
FN:794,(anonymous_68)
FN:810,(anonymous_69)
FN:823,(anonymous_70)
FN:839,(anonymous_71)
FN:868,(anonymous_72)
FN:921,(anonymous_73)
FN:1039,(anonymous_74)
FN:1045,(anonymous_75)
FN:1091,(anonymous_76)
FN:1131,(anonymous_77)
FN:1131,(anonymous_78)
FN:1132,(anonymous_79)
FN:1138,(anonymous_80)
FN:1150,(anonymous_81)
FN:1155,(anonymous_82)
FN:1187,(anonymous_83)
FN:1188,(anonymous_84)
FN:1213,(anonymous_85)
FN:1219,(anonymous_86)
FN:1226,(anonymous_87)
FN:1255,(anonymous_88)
FN:1299,(anonymous_89)
FN:1311,(anonymous_90)
FN:1317,(anonymous_91)
FN:1326,(anonymous_92)
FN:1327,(anonymous_93)
FN:1328,(anonymous_94)
FN:1337,(anonymous_95)
FN:1345,(anonymous_96)
FN:1348,(anonymous_97)
FN:1352,(anonymous_98)
FN:1352,(anonymous_99)
FN:1354,(anonymous_100)
FN:1355,(anonymous_101)
FN:1360,(anonymous_102)
FN:1361,(anonymous_103)
FN:1365,(anonymous_104)
FN:1373,(anonymous_105)
FN:1379,(anonymous_106)
FN:1497,(anonymous_107)
FN:1498,(anonymous_108)
FN:1499,(anonymous_109)
FN:1523,(anonymous_110)
FN:1533,(anonymous_111)
FN:1533,(anonymous_112)
FN:1538,(anonymous_113)
FN:1579,(anonymous_114)
FN:1592,(anonymous_115)
FN:1624,(anonymous_116)
FN:1627,(anonymous_117)
FN:1632,(anonymous_118)
FN:1648,(anonymous_119)
FN:1651,(anonymous_120)
FN:1664,(anonymous_121)
FN:1708,(anonymous_122)
FN:1728,(anonymous_123)
FN:1743,(anonymous_124)
FN:1753,(anonymous_125)
FN:1760,(anonymous_126)
FN:1767,(anonymous_127)
FN:1774,(anonymous_128)
FN:1786,(anonymous_129)
FN:1795,(anonymous_130)
FN:1806,(anonymous_131)
FN:1853,(anonymous_132)
FN:1876,(anonymous_133)
FN:1882,(anonymous_134)
FN:1888,(anonymous_135)
FN:1895,(anonymous_136)
FN:1902,(anonymous_137)
FN:1940,(anonymous_138)
FN:1968,(anonymous_139)
FN:1974,(anonymous_140)
FN:1993,(anonymous_141)
FN:1999,(anonymous_142)
FN:2002,(anonymous_143)
FN:2003,(anonymous_144)
FN:2016,(anonymous_145)
FN:2021,(anonymous_146)
FN:2022,(anonymous_147)
FN:2029,(anonymous_148)
FN:2032,(anonymous_149)
FN:2050,(anonymous_150)
FN:2056,(anonymous_151)
FN:2061,(anonymous_152)
FN:2062,(anonymous_153)
FN:2067,(anonymous_154)
FN:2068,(anonymous_155)
FN:2069,(anonymous_156)
FN:2079,(anonymous_157)
FN:2081,(anonymous_158)
FN:2082,(anonymous_159)
FN:2093,(anonymous_160)
FN:2102,(anonymous_161)
FN:2121,(anonymous_162)
FN:2133,(anonymous_163)
FN:2172,(anonymous_164)
FN:2207,(anonymous_165)
FN:2228,(anonymous_166)
FN:2240,(anonymous_167)
FN:2263,(anonymous_168)
FN:2285,(anonymous_169)
FN:2299,(anonymous_170)
FN:2303,(anonymous_171)
FN:2316,(anonymous_172)
FN:2327,(anonymous_173)
FN:2393,(anonymous_174)
FN:2435,(anonymous_175)
FN:2439,(anonymous_176)
FN:2443,(anonymous_177)
FN:2445,(anonymous_178)
FN:2467,(anonymous_179)
FN:2471,(anonymous_180)
FN:2475,(anonymous_181)
FN:2489,(anonymous_182)
FN:2496,(anonymous_183)
FN:2515,ensureCollectiblesManager
FN:2524,showCollectiblesScreen
FN:2529,hideCollectiblesScreen
FN:2534,unlockCollectible
FN:2539,unlockCollectibleByNumber
FN:2544,hideCollectibleByNumber
FNF:181
FNH:0
FNDA:0,(anonymous_9)
FNDA:0,(anonymous_10)
FNDA:0,(anonymous_11)
FNDA:0,(anonymous_12)
FNDA:0,(anonymous_13)
FNDA:0,(anonymous_14)
FNDA:0,(anonymous_15)
FNDA:0,(anonymous_16)
FNDA:0,(anonymous_17)
FNDA:0,(anonymous_18)
FNDA:0,(anonymous_19)
FNDA:0,(anonymous_20)
FNDA:0,(anonymous_21)
FNDA:0,(anonymous_22)
FNDA:0,(anonymous_23)
FNDA:0,(anonymous_24)
FNDA:0,(anonymous_25)
FNDA:0,(anonymous_26)
FNDA:0,(anonymous_27)
FNDA:0,(anonymous_28)
FNDA:0,(anonymous_29)
FNDA:0,(anonymous_30)
FNDA:0,(anonymous_31)
FNDA:0,(anonymous_32)
FNDA:0,(anonymous_33)
FNDA:0,(anonymous_34)
FNDA:0,(anonymous_35)
FNDA:0,(anonymous_36)
FNDA:0,(anonymous_37)
FNDA:0,(anonymous_38)
FNDA:0,(anonymous_39)
FNDA:0,(anonymous_40)
FNDA:0,(anonymous_41)
FNDA:0,(anonymous_42)
FNDA:0,(anonymous_43)
FNDA:0,(anonymous_44)
FNDA:0,(anonymous_45)
FNDA:0,(anonymous_46)
FNDA:0,(anonymous_47)
FNDA:0,(anonymous_48)
FNDA:0,(anonymous_49)
FNDA:0,(anonymous_50)
FNDA:0,(anonymous_51)
FNDA:0,(anonymous_52)
FNDA:0,(anonymous_53)
FNDA:0,(anonymous_54)
FNDA:0,(anonymous_55)
FNDA:0,(anonymous_56)
FNDA:0,(anonymous_57)
FNDA:0,(anonymous_58)
FNDA:0,(anonymous_59)
FNDA:0,(anonymous_60)
FNDA:0,(anonymous_61)
FNDA:0,(anonymous_62)
FNDA:0,(anonymous_63)
FNDA:0,(anonymous_64)
FNDA:0,(anonymous_65)
FNDA:0,(anonymous_66)
FNDA:0,(anonymous_67)
FNDA:0,(anonymous_68)
FNDA:0,(anonymous_69)
FNDA:0,(anonymous_70)
FNDA:0,(anonymous_71)
FNDA:0,(anonymous_72)
FNDA:0,(anonymous_73)
FNDA:0,(anonymous_74)
FNDA:0,(anonymous_75)
FNDA:0,(anonymous_76)
FNDA:0,(anonymous_77)
FNDA:0,(anonymous_78)
FNDA:0,(anonymous_79)
FNDA:0,(anonymous_80)
FNDA:0,(anonymous_81)
FNDA:0,(anonymous_82)
FNDA:0,(anonymous_83)
FNDA:0,(anonymous_84)
FNDA:0,(anonymous_85)
FNDA:0,(anonymous_86)
FNDA:0,(anonymous_87)
FNDA:0,(anonymous_88)
FNDA:0,(anonymous_89)
FNDA:0,(anonymous_90)
FNDA:0,(anonymous_91)
FNDA:0,(anonymous_92)
FNDA:0,(anonymous_93)
FNDA:0,(anonymous_94)
FNDA:0,(anonymous_95)
FNDA:0,(anonymous_96)
FNDA:0,(anonymous_97)
FNDA:0,(anonymous_98)
FNDA:0,(anonymous_99)
FNDA:0,(anonymous_100)
FNDA:0,(anonymous_101)
FNDA:0,(anonymous_102)
FNDA:0,(anonymous_103)
FNDA:0,(anonymous_104)
FNDA:0,(anonymous_105)
FNDA:0,(anonymous_106)
FNDA:0,(anonymous_107)
FNDA:0,(anonymous_108)
FNDA:0,(anonymous_109)
FNDA:0,(anonymous_110)
FNDA:0,(anonymous_111)
FNDA:0,(anonymous_112)
FNDA:0,(anonymous_113)
FNDA:0,(anonymous_114)
FNDA:0,(anonymous_115)
FNDA:0,(anonymous_116)
FNDA:0,(anonymous_117)
FNDA:0,(anonymous_118)
FNDA:0,(anonymous_119)
FNDA:0,(anonymous_120)
FNDA:0,(anonymous_121)
FNDA:0,(anonymous_122)
FNDA:0,(anonymous_123)
FNDA:0,(anonymous_124)
FNDA:0,(anonymous_125)
FNDA:0,(anonymous_126)
FNDA:0,(anonymous_127)
FNDA:0,(anonymous_128)
FNDA:0,(anonymous_129)
FNDA:0,(anonymous_130)
FNDA:0,(anonymous_131)
FNDA:0,(anonymous_132)
FNDA:0,(anonymous_133)
FNDA:0,(anonymous_134)
FNDA:0,(anonymous_135)
FNDA:0,(anonymous_136)
FNDA:0,(anonymous_137)
FNDA:0,(anonymous_138)
FNDA:0,(anonymous_139)
FNDA:0,(anonymous_140)
FNDA:0,(anonymous_141)
FNDA:0,(anonymous_142)
FNDA:0,(anonymous_143)
FNDA:0,(anonymous_144)
FNDA:0,(anonymous_145)
FNDA:0,(anonymous_146)
FNDA:0,(anonymous_147)
FNDA:0,(anonymous_148)
FNDA:0,(anonymous_149)
FNDA:0,(anonymous_150)
FNDA:0,(anonymous_151)
FNDA:0,(anonymous_152)
FNDA:0,(anonymous_153)
FNDA:0,(anonymous_154)
FNDA:0,(anonymous_155)
FNDA:0,(anonymous_156)
FNDA:0,(anonymous_157)
FNDA:0,(anonymous_158)
FNDA:0,(anonymous_159)
FNDA:0,(anonymous_160)
FNDA:0,(anonymous_161)
FNDA:0,(anonymous_162)
FNDA:0,(anonymous_163)
FNDA:0,(anonymous_164)
FNDA:0,(anonymous_165)
FNDA:0,(anonymous_166)
FNDA:0,(anonymous_167)
FNDA:0,(anonymous_168)
FNDA:0,(anonymous_169)
FNDA:0,(anonymous_170)
FNDA:0,(anonymous_171)
FNDA:0,(anonymous_172)
FNDA:0,(anonymous_173)
FNDA:0,(anonymous_174)
FNDA:0,(anonymous_175)
FNDA:0,(anonymous_176)
FNDA:0,(anonymous_177)
FNDA:0,(anonymous_178)
FNDA:0,(anonymous_179)
FNDA:0,(anonymous_180)
FNDA:0,(anonymous_181)
FNDA:0,(anonymous_182)
FNDA:0,(anonymous_183)
FNDA:0,ensureCollectiblesManager
FNDA:0,showCollectiblesScreen
FNDA:0,hideCollectiblesScreen
FNDA:0,unlockCollectible
FNDA:0,unlockCollectibleByNumber
FNDA:0,hideCollectibleByNumber
DA:2,0
DA:3,0
DA:5,0
DA:60,0
DA:61,0
DA:62,0
DA:63,0
DA:64,0
DA:65,0
DA:66,0
DA:67,0
DA:70,0
DA:79,0
DA:111,0
DA:112,0
DA:114,0
DA:115,0
DA:116,0
DA:117,0
DA:118,0
DA:119,0
DA:120,0
DA:123,0
DA:124,0
DA:125,0
DA:126,0
DA:131,0
DA:132,0
DA:133,0
DA:134,0
DA:135,0
DA:136,0
DA:139,0
DA:144,0
DA:145,0
DA:147,0
DA:152,0
DA:153,0
DA:154,0
DA:155,0
DA:156,0
DA:164,0
DA:165,0
DA:166,0
DA:169,0
DA:173,0
DA:174,0
DA:175,0
DA:176,0
DA:178,0
DA:179,0
DA:180,0
DA:181,0
DA:182,0
DA:185,0
DA:186,0
DA:187,0
DA:191,0
DA:194,0
DA:195,0
DA:196,0
DA:197,0
DA:198,0
DA:200,0
DA:201,0
DA:202,0
DA:203,0
DA:204,0
DA:205,0
DA:206,0
DA:210,0
DA:213,0
DA:214,0
DA:215,0
DA:220,0
DA:223,0
DA:224,0
DA:225,0
DA:226,0
DA:227,0
DA:228,0
DA:229,0
DA:230,0
DA:231,0
DA:232,0
DA:234,0
DA:237,0
DA:241,0
DA:242,0
DA:243,0
DA:244,0
DA:245,0
DA:246,0
DA:249,0
DA:251,0
DA:252,0
DA:254,0
DA:258,0
DA:261,0
DA:262,0
DA:263,0
DA:264,0
DA:265,0
DA:267,0
DA:271,0
DA:272,0
DA:273,0
DA:274,0
DA:275,0
DA:278,0
DA:281,0
DA:283,0
DA:284,0
DA:289,0
DA:291,0
DA:294,0
DA:295,0
DA:297,0
DA:298,0
DA:302,0
DA:303,0
DA:304,0
DA:305,0
DA:306,0
DA:310,0
DA:311,0
DA:312,0
DA:315,0
DA:316,0
DA:317,0
DA:320,0
DA:321,0
DA:322,0
DA:326,0
DA:327,0
DA:329,0
DA:335,0
DA:338,0
DA:339,0
DA:340,0
DA:342,0
DA:346,0
DA:347,0
DA:348,0
DA:349,0
DA:350,0
DA:353,0
DA:356,0
DA:359,0
DA:365,0
DA:366,0
DA:367,0
DA:368,0
DA:369,0
DA:375,0
DA:378,0
DA:379,0
DA:380,0
DA:381,0
DA:382,0
DA:383,0
DA:386,0
DA:389,0
DA:394,0
DA:395,0
DA:396,0
DA:397,0
DA:398,0
DA:402,0
DA:403,0
DA:404,0
DA:405,0
DA:406,0
DA:407,0
DA:408,0
DA:409,0
DA:413,0
DA:414,0
DA:415,0
DA:416,0
DA:417,0
DA:418,0
DA:419,0
DA:423,0
DA:424,0
DA:425,0
DA:428,0
DA:429,0
DA:430,0
DA:431,0
DA:432,0
DA:433,0
DA:436,0
DA:437,0
DA:438,0
DA:441,0
DA:446,0
DA:447,0
DA:448,0
DA:449,0
DA:450,0
DA:451,0
DA:458,0
DA:459,0
DA:460,0
DA:462,0
DA:464,0
DA:465,0
DA:466,0
DA:467,0
DA:468,0
DA:471,0
DA:473,0
DA:476,0
DA:477,0
DA:478,0
DA:479,0
DA:481,0
DA:482,0
DA:483,0
DA:484,0
DA:485,0
DA:486,0
DA:487,0
DA:491,0
DA:494,0
DA:495,0
DA:496,0
DA:500,0
DA:502,0
DA:503,0
DA:504,0
DA:509,0
DA:510,0
DA:511,0
DA:512,0
DA:513,0
DA:514,0
DA:519,0
DA:520,0
DA:522,0
DA:526,0
DA:528,0
DA:529,0
DA:530,0
DA:531,0
DA:533,0
DA:535,0
DA:537,0
DA:538,0
DA:539,0
DA:540,0
DA:541,0
DA:550,0
DA:551,0
DA:552,0
DA:553,0
DA:555,0
DA:556,0
DA:557,0
DA:558,0
DA:559,0
DA:562,0
DA:565,0
DA:567,0
DA:570,0
DA:575,0
DA:576,0
DA:577,0
DA:579,0
DA:580,0
DA:581,0
DA:582,0
DA:584,0
DA:585,0
DA:587,0
DA:592,0
DA:593,0
DA:594,0
DA:596,0
DA:602,0
DA:603,0
DA:608,0
DA:609,0
DA:613,0
DA:614,0
DA:615,0
DA:616,0
DA:617,0
DA:620,0
DA:621,0
DA:622,0
DA:623,0
DA:625,0
DA:626,0
DA:628,0
DA:629,0
DA:630,0
DA:633,0
DA:634,0
DA:635,0
DA:637,0
DA:638,0
DA:641,0
DA:648,0
DA:649,0
DA:650,0
DA:651,0
DA:654,0
DA:657,0
DA:658,0
DA:659,0
DA:662,0
DA:663,0
DA:666,0
DA:668,0
DA:669,0
DA:670,0
DA:675,0
DA:676,0
DA:678,0
DA:684,0
DA:685,0
DA:686,0
DA:689,0
DA:691,0
DA:693,0
DA:694,0
DA:696,0
DA:697,0
DA:698,0
DA:700,0
DA:702,0
DA:703,0
DA:704,0
DA:705,0
DA:707,0
DA:708,0
DA:710,0
DA:711,0
DA:718,0
DA:719,0
DA:720,0
DA:721,0
DA:724,0
DA:725,0
DA:726,0
DA:727,0
DA:733,0
DA:734,0
DA:735,0
DA:736,0
DA:737,0
DA:738,0
DA:741,0
DA:749,0
DA:752,0
DA:753,0
DA:754,0
DA:755,0
DA:756,0
DA:757,0
DA:765,0
DA:766,0
DA:768,0
DA:769,0
DA:774,0
DA:777,0
DA:780,0
DA:781,0
DA:782,0
DA:783,0
DA:784,0
DA:787,0
DA:791,0
DA:792,0
DA:793,0
DA:794,0
DA:795,0
DA:796,0
DA:797,0
DA:801,0
DA:805,0
DA:806,0
DA:807,0
DA:808,0
DA:809,0
DA:810,0
DA:811,0
DA:812,0
DA:816,0
DA:819,0
DA:822,0
DA:823,0
DA:824,0
DA:825,0
DA:826,0
DA:828,0
DA:833,0
DA:837,0
DA:838,0
DA:839,0
DA:840,0
DA:843,0
DA:844,0
DA:848,0
DA:849,0
DA:850,0
DA:851,0
DA:852,0
DA:853,0
DA:856,0
DA:858,0
DA:859,0
DA:863,0
DA:867,0
DA:868,0
DA:869,0
DA:870,0
DA:871,0
DA:874,0
DA:878,0
DA:879,0
DA:880,0
DA:881,0
DA:882,0
DA:883,0
DA:884,0
DA:885,0
DA:887,0
DA:888,0
DA:889,0
DA:890,0
DA:891,0
DA:895,0
DA:896,0
DA:897,0
DA:898,0
DA:899,0
DA:900,0
DA:901,0
DA:904,0
DA:905,0
DA:906,0
DA:907,0
DA:908,0
DA:912,0
DA:913,0
DA:914,0
DA:915,0
DA:916,0
DA:920,0
DA:921,0
DA:922,0
DA:923,0
DA:924,0
DA:927,0
DA:928,0
DA:929,0
DA:930,0
DA:931,0
DA:933,0
DA:934,0
DA:937,0
DA:939,0
DA:940,0
DA:941,0
DA:942,0
DA:943,0
DA:945,0
DA:946,0
DA:947,0
DA:948,0
DA:949,0
DA:953,0
DA:954,0
DA:958,0
DA:959,0
DA:960,0
DA:961,0
DA:962,0
DA:963,0
DA:964,0
DA:965,0
DA:966,0
DA:970,0
DA:973,0
DA:974,0
DA:976,0
DA:978,0
DA:979,0
DA:980,0
DA:981,0
DA:983,0
DA:984,0
DA:989,0
DA:993,0
DA:994,0
DA:998,0
DA:999,0
DA:1000,0
DA:1002,0
DA:1003,0
DA:1004,0
DA:1005,0
DA:1008,0
DA:1009,0
DA:1010,0
DA:1011,0
DA:1014,0
DA:1020,0
DA:1021,0
DA:1022,0
DA:1025,0
DA:1026,0
DA:1027,0
DA:1028,0
DA:1029,0
DA:1031,0
DA:1032,0
DA:1034,0
DA:1039,0
DA:1040,0
DA:1041,0
DA:1044,0
DA:1045,0
DA:1046,0
DA:1047,0
DA:1053,0
DA:1054,0
DA:1055,0
DA:1059,0
DA:1060,0
DA:1061,0
DA:1062,0
DA:1063,0
DA:1064,0
DA:1068,0
DA:1069,0
DA:1070,0
DA:1074,0
DA:1075,0
DA:1076,0
DA:1079,0
DA:1083,0
DA:1084,0
DA:1085,0
DA:1086,0
DA:1087,0
DA:1088,0
DA:1089,0
DA:1091,0
DA:1092,0
DA:1093,0
DA:1100,0
DA:1101,0
DA:1102,0
DA:1103,0
DA:1104,0
DA:1105,0
DA:1106,0
DA:1107,0
DA:1108,0
DA:1109,0
DA:1110,0
DA:1111,0
DA:1117,0
DA:1118,0
DA:1119,0
DA:1120,0
DA:1121,0
DA:1122,0
DA:1123,0
DA:1124,0
DA:1125,0
DA:1131,0
DA:1132,0
DA:1134,0
DA:1135,0
DA:1136,0
DA:1137,0
DA:1138,0
DA:1139,0
DA:1140,0
DA:1142,0
DA:1144,0
DA:1151,0
DA:1152,0
DA:1156,0
DA:1157,0
DA:1158,0
DA:1159,0
DA:1160,0
DA:1161,0
DA:1162,0
DA:1163,0
DA:1167,0
DA:1170,0
DA:1171,0
DA:1174,0
DA:1175,0
DA:1179,0
DA:1180,0
DA:1187,0
DA:1188,0
DA:1189,0
DA:1190,0
DA:1193,0
DA:1197,0
DA:1199,0
DA:1201,0
DA:1204,0
DA:1205,0
DA:1206,0
DA:1208,0
DA:1214,0
DA:1215,0
DA:1217,0
DA:1219,0
DA:1220,0
DA:1221,0
DA:1222,0
DA:1227,0
DA:1228,0
DA:1230,0
DA:1231,0
DA:1232,0
DA:1233,0
DA:1235,0
DA:1237,0
DA:1238,0
DA:1239,0
DA:1240,0
DA:1241,0
DA:1242,0
DA:1243,0
DA:1244,0
DA:1245,0
DA:1247,0
DA:1248,0
DA:1250,0
DA:1251,0
DA:1254,0
DA:1255,0
DA:1258,0
DA:1259,0
DA:1262,0
DA:1264,0
DA:1265,0
DA:1266,0
DA:1272,0
DA:1273,0
DA:1274,0
DA:1277,0
DA:1278,0
DA:1279,0
DA:1285,0
DA:1286,0
DA:1287,0
DA:1288,0
DA:1289,0
DA:1292,0
DA:1293,0
DA:1294,0
DA:1295,0
DA:1296,0
DA:1299,0
DA:1300,0
DA:1301,0
DA:1302,0
DA:1306,0
DA:1307,0
DA:1308,0
DA:1312,0
DA:1318,0
DA:1319,0
DA:1320,0
DA:1322,0
DA:1323,0
DA:1327,0
DA:1328,0
DA:1330,0
DA:1331,0
DA:1333,0
DA:1334,0
DA:1338,0
DA:1340,0
DA:1345,0
DA:1346,0
DA:1348,0
DA:1349,0
DA:1352,0
DA:1353,0
DA:1354,0
DA:1355,0
DA:1356,0
DA:1359,0
DA:1361,0
DA:1362,0
DA:1363,0
DA:1366,0
DA:1367,0
DA:1370,0
DA:1374,0
DA:1376,0
DA:1377,0
DA:1379,0
DA:1380,0
DA:1382,0
DA:1383,0
DA:1384,0
DA:1387,0
DA:1388,0
DA:1389,0
DA:1390,0
DA:1393,0
DA:1395,0
DA:1396,0
DA:1400,0
DA:1401,0
DA:1402,0
DA:1403,0
DA:1404,0
DA:1406,0
DA:1407,0
DA:1410,0
DA:1413,0
DA:1414,0
DA:1415,0
DA:1419,0
DA:1420,0
DA:1421,0
DA:1424,0
DA:1425,0
DA:1427,0
DA:1428,0
DA:1429,0
DA:1430,0
DA:1432,0
DA:1439,0
DA:1440,0
DA:1441,0
DA:1443,0
DA:1446,0
DA:1447,0
DA:1450,0
DA:1451,0
DA:1453,0
DA:1456,0
DA:1458,0
DA:1461,0
DA:1462,0
DA:1463,0
DA:1464,0
DA:1465,0
DA:1467,0
DA:1469,0
DA:1471,0
DA:1475,0
DA:1476,0
DA:1477,0
DA:1478,0
DA:1480,0
DA:1484,0
DA:1485,0
DA:1486,0
DA:1488,0
DA:1492,0
DA:1493,0
DA:1496,0
DA:1497,0
DA:1498,0
DA:1500,0
DA:1501,0
DA:1504,0
DA:1505,0
DA:1506,0
DA:1508,0
DA:1509,0
DA:1511,0
DA:1512,0
DA:1514,0
DA:1515,0
DA:1518,0
DA:1524,0
DA:1528,0
DA:1529,0
DA:1531,0
DA:1533,0
DA:1534,0
DA:1535,0
DA:1536,0
DA:1539,0
DA:1544,0
DA:1545,0
DA:1546,0
DA:1550,0
DA:1551,0
DA:1552,0
DA:1553,0
DA:1554,0
DA:1555,0
DA:1556,0
DA:1559,0
DA:1560,0
DA:1561,0
DA:1562,0
DA:1566,0
DA:1567,0
DA:1569,0
DA:1570,0
DA:1573,0
DA:1574,0
DA:1575,0
DA:1576,0
DA:1579,0
DA:1580,0
DA:1581,0
DA:1582,0
DA:1583,0
DA:1587,0
DA:1588,0
DA:1589,0
DA:1592,0
DA:1593,0
DA:1594,0
DA:1595,0
DA:1596,0
DA:1599,0
DA:1601,0
DA:1605,0
DA:1606,0
DA:1609,0
DA:1610,0
DA:1611,0
DA:1615,0
DA:1616,0
DA:1617,0
DA:1618,0
DA:1619,0
DA:1620,0
DA:1624,0
DA:1625,0
DA:1627,0
DA:1628,0
DA:1632,0
DA:1633,0
DA:1634,0
DA:1636,0
DA:1639,0
DA:1640,0
DA:1641,0
DA:1647,0
DA:1648,0
DA:1649,0
DA:1650,0
DA:1651,0
DA:1652,0
DA:1653,0
DA:1656,0
DA:1661,0
DA:1664,0
DA:1665,0
DA:1668,0
DA:1671,0
DA:1672,0
DA:1673,0
DA:1676,0
DA:1677,0
DA:1678,0
DA:1679,0
DA:1680,0
DA:1682,0
DA:1687,0
DA:1688,0
DA:1691,0
DA:1692,0
DA:1693,0
DA:1698,0
DA:1699,0
DA:1700,0
DA:1701,0
DA:1703,0
DA:1704,0
DA:1708,0
DA:1709,0
DA:1711,0
DA:1712,0
DA:1713,0
DA:1714,0
DA:1715,0
DA:1720,0
DA:1721,0
DA:1722,0
DA:1724,0
DA:1728,0
DA:1730,0
DA:1731,0
DA:1732,0
DA:1733,0
DA:1735,0
DA:1743,0
DA:1744,0
DA:1745,0
DA:1746,0
DA:1747,0
DA:1752,0
DA:1753,0
DA:1754,0
DA:1755,0
DA:1756,0
DA:1759,0
DA:1760,0
DA:1761,0
DA:1762,0
DA:1763,0
DA:1766,0
DA:1767,0
DA:1768,0
DA:1769,0
DA:1770,0
DA:1773,0
DA:1774,0
DA:1775,0
DA:1776,0
DA:1777,0
DA:1782,0
DA:1783,0
DA:1786,0
DA:1788,0
DA:1790,0
DA:1797,0
DA:1798,0
DA:1799,0
DA:1800,0
DA:1802,0
DA:1807,0
DA:1809,0
DA:1810,0
DA:1811,0
DA:1812,0
DA:1817,0
DA:1818,0
DA:1819,0
DA:1821,0
DA:1824,0
DA:1826,0
DA:1830,0
DA:1831,0
DA:1833,0
DA:1834,0
DA:1837,0
DA:1838,0
DA:1839,0
DA:1843,0
DA:1844,0
DA:1845,0
DA:1849,0
DA:1850,0
DA:1851,0
DA:1852,0
DA:1853,0
DA:1854,0
DA:1855,0
DA:1858,0
DA:1861,0
DA:1866,0
DA:1867,0
DA:1868,0
DA:1871,0
DA:1872,0
DA:1873,0
DA:1875,0
DA:1876,0
DA:1877,0
DA:1878,0
DA:1881,0
DA:1882,0
DA:1883,0
DA:1884,0
DA:1887,0
DA:1888,0
DA:1889,0
DA:1890,0
DA:1895,0
DA:1897,0
DA:1898,0
DA:1899,0
DA:1900,0
DA:1902,0
DA:1903,0
DA:1904,0
DA:1909,0
DA:1910,0
DA:1912,0
DA:1913,0
DA:1915,0
DA:1917,0
DA:1918,0
DA:1919,0
DA:1921,0
DA:1924,0
DA:1925,0
DA:1927,0
DA:1928,0
DA:1930,0
DA:1931,0
DA:1934,0
DA:1937,0
DA:1938,0
DA:1940,0
DA:1941,0
DA:1942,0
DA:1947,0
DA:1948,0
DA:1949,0
DA:1950,0
DA:1951,0
DA:1952,0
DA:1953,0
DA:1954,0
DA:1955,0
DA:1957,0
DA:1960,0
DA:1961,0
DA:1964,0
DA:1970,0
DA:1975,0
DA:1977,0
DA:1979,0
DA:1980,0
DA:1983,0
DA:1984,0
DA:1989,0
DA:1990,0
DA:1991,0
DA:1992,0
DA:1993,0
DA:2000,0
DA:2002,0
DA:2003,0
DA:2004,0
DA:2005,0
DA:2006,0
DA:2007,0
DA:2012,0
DA:2013,0
DA:2014,0
DA:2015,0
DA:2016,0
DA:2017,0
DA:2021,0
DA:2022,0
DA:2023,0
DA:2024,0
DA:2030,0
DA:2031,0
DA:2032,0
DA:2033,0
DA:2035,0
DA:2036,0
DA:2037,0
DA:2039,0
DA:2040,0
DA:2041,0
DA:2042,0
DA:2044,0
DA:2045,0
DA:2050,0
DA:2051,0
DA:2057,0
DA:2062,0
DA:2063,0
DA:2068,0
DA:2069,0
DA:2070,0
DA:2073,0
DA:2074,0
DA:2075,0
DA:2076,0
DA:2080,0
DA:2081,0
DA:2082,0
DA:2083,0
DA:2084,0
DA:2085,0
DA:2088,0
DA:2089,0
DA:2094,0
DA:2095,0
DA:2096,0
DA:2097,0
DA:2101,0
DA:2102,0
DA:2103,0
DA:2104,0
DA:2105,0
DA:2108,0
DA:2109,0
DA:2110,0
DA:2112,0
DA:2116,0
DA:2117,0
DA:2122,0
DA:2123,0
DA:2125,0
DA:2126,0
DA:2129,0
DA:2135,0
DA:2136,0
DA:2137,0
DA:2138,0
DA:2139,0
DA:2140,0
DA:2141,0
DA:2142,0
DA:2143,0
DA:2151,0
DA:2152,0
DA:2154,0
DA:2157,0
DA:2166,0
DA:2168,0
DA:2173,0
DA:2174,0
DA:2175,0
DA:2177,0
DA:2178,0
DA:2179,0
DA:2180,0
DA:2181,0
DA:2182,0
DA:2185,0
DA:2187,0
DA:2188,0
DA:2189,0
DA:2191,0
DA:2192,0
DA:2193,0
DA:2194,0
DA:2196,0
DA:2198,0
DA:2199,0
DA:2201,0
DA:2202,0
DA:2204,0
DA:2208,0
DA:2209,0
DA:2210,0
DA:2221,0
DA:2222,0
DA:2224,0
DA:2229,0
DA:2230,0
DA:2231,0
DA:2232,0
DA:2233,0
DA:2234,0
DA:2235,0
DA:2236,0
DA:2237,0
DA:2240,0
DA:2241,0
DA:2242,0
DA:2249,0
DA:2250,0
DA:2252,0
DA:2253,0
DA:2259,0
DA:2264,0
DA:2265,0
DA:2266,0
DA:2267,0
DA:2268,0
DA:2269,0
DA:2272,0
DA:2274,0
DA:2275,0
DA:2276,0
DA:2277,0
DA:2278,0
DA:2279,0
DA:2283,0
DA:2284,0
DA:2285,0
DA:2293,0
DA:2294,0
DA:2296,0
DA:2300,0
DA:2301,0
DA:2303,0
DA:2304,0
DA:2305,0
DA:2306,0
DA:2309,0
DA:2310,0
DA:2313,0
DA:2314,0
DA:2316,0
DA:2317,0
DA:2318,0
DA:2319,0
DA:2322,0
DA:2323,0
DA:2329,0
DA:2330,0
DA:2331,0
DA:2343,0
DA:2344,0
DA:2345,0
DA:2355,0
DA:2356,0
DA:2357,0
DA:2366,0
DA:2367,0
DA:2375,0
DA:2378,0
DA:2379,0
DA:2380,0
DA:2381,0
DA:2393,0
DA:2394,0
DA:2396,0
DA:2397,0
DA:2398,0
DA:2399,0
DA:2402,0
DA:2403,0
DA:2404,0
DA:2405,0
DA:2409,0
DA:2413,0
DA:2414,0
DA:2420,0
DA:2421,0
DA:2422,0
DA:2435,0
DA:2436,0
DA:2439,0
DA:2440,0
DA:2443,0
DA:2445,0
DA:2446,0
DA:2448,0
DA:2452,0
DA:2453,0
DA:2454,0
DA:2467,0
DA:2468,0
DA:2471,0
DA:2472,0
DA:2475,0
DA:2476,0
DA:2480,0
DA:2481,0
DA:2482,0
DA:2483,0
DA:2484,0
DA:2485,0
DA:2486,0
DA:2489,0
DA:2490,0
DA:2491,0
DA:2497,0
DA:2498,0
DA:2499,0
DA:2501,0
DA:2504,0
DA:2505,0
DA:2507,0
DA:2513,0
DA:2515,0
DA:2516,0
DA:2517,0
DA:2518,0
DA:2519,0
DA:2521,0
DA:2524,0
DA:2525,0
DA:2526,0
DA:2529,0
DA:2530,0
DA:2531,0
DA:2534,0
DA:2535,0
DA:2536,0
DA:2539,0
DA:2540,0
DA:2541,0
DA:2544,0
DA:2545,0
DA:2546,0
DA:2549,0
LF:1293
LH:0
BRDA:125,0,0,0
BRDA:125,0,1,0
BRDA:133,1,0,0
BRDA:133,1,1,0
BRDA:155,2,0,0
BRDA:155,2,1,0
BRDA:164,3,0,0
BRDA:164,3,1,0
BRDA:176,4,0,0
BRDA:176,4,1,0
BRDA:178,5,0,0
BRDA:178,5,1,0
BRDA:194,6,0,0
BRDA:194,6,1,0
BRDA:200,7,0,0
BRDA:200,7,1,0
BRDA:204,8,0,0
BRDA:204,8,1,0
BRDA:204,9,0,0
BRDA:204,9,1,0
BRDA:224,10,0,0
BRDA:224,10,1,0
BRDA:230,11,0,0
BRDA:230,11,1,0
BRDA:243,12,0,0
BRDA:243,12,1,0
BRDA:249,13,0,0
BRDA:249,13,1,0
BRDA:249,14,0,0
BRDA:249,14,1,0
BRDA:251,15,0,0
BRDA:251,15,1,0
BRDA:262,16,0,0
BRDA:262,16,1,0
BRDA:272,17,0,0
BRDA:272,17,1,0
BRDA:274,18,0,0
BRDA:274,18,1,0
BRDA:289,19,0,0
BRDA:289,19,1,0
BRDA:294,20,0,0
BRDA:294,20,1,0
BRDA:297,21,0,0
BRDA:297,21,1,0
BRDA:303,22,0,0
BRDA:303,22,1,0
BRDA:303,23,0,0
BRDA:303,23,1,0
BRDA:311,24,0,0
BRDA:311,24,1,0
BRDA:311,25,0,0
BRDA:311,25,1,0
BRDA:316,26,0,0
BRDA:316,26,1,0
BRDA:316,27,0,0
BRDA:316,27,1,0
BRDA:321,28,0,0
BRDA:321,28,1,0
BRDA:321,29,0,0
BRDA:321,29,1,0
BRDA:348,30,0,0
BRDA:348,30,1,0
BRDA:348,31,0,0
BRDA:348,31,1,0
BRDA:367,32,0,0
BRDA:367,32,1,0
BRDA:379,33,0,0
BRDA:379,33,1,0
BRDA:396,34,0,0
BRDA:396,34,1,0
BRDA:403,35,0,0
BRDA:403,35,1,0
BRDA:414,36,0,0
BRDA:414,36,1,0
BRDA:424,37,0,0
BRDA:424,37,1,0
BRDA:428,38,0,0
BRDA:428,38,1,0
BRDA:431,39,0,0
BRDA:431,39,1,0
BRDA:436,40,0,0
BRDA:436,40,1,0
BRDA:447,41,0,0
BRDA:447,41,1,0
BRDA:459,42,0,0
BRDA:459,42,1,0
BRDA:459,43,0,0
BRDA:459,43,1,0
BRDA:476,44,0,0
BRDA:476,44,1,0
BRDA:481,45,0,0
BRDA:481,45,1,0
BRDA:485,46,0,0
BRDA:485,46,1,0
BRDA:485,47,0,0
BRDA:485,47,1,0
BRDA:526,48,0,0
BRDA:526,48,1,0
BRDA:529,49,0,0
BRDA:529,49,1,0
BRDA:529,50,0,0
BRDA:529,50,1,0
BRDA:533,51,0,0
BRDA:533,51,1,0
BRDA:535,52,0,0
BRDA:535,52,1,0
BRDA:535,53,0,0
BRDA:535,53,1,0
BRDA:551,54,0,0
BRDA:551,54,1,0
BRDA:553,55,0,0
BRDA:553,55,1,0
BRDA:577,56,0,0
BRDA:577,56,1,0
BRDA:581,57,0,0
BRDA:581,57,1,0
BRDA:584,58,0,0
BRDA:584,58,1,0
BRDA:602,59,0,0
BRDA:602,59,1,0
BRDA:621,60,0,0
BRDA:621,60,1,0
BRDA:621,61,0,0
BRDA:621,61,1,0
BRDA:684,62,0,0
BRDA:684,62,1,0
BRDA:691,63,0,0
BRDA:691,63,1,0
BRDA:693,64,0,0
BRDA:693,64,1,0
BRDA:693,65,0,0
BRDA:693,65,1,0
BRDA:696,66,0,0
BRDA:696,66,1,0
BRDA:696,67,0,0
BRDA:696,67,1,0
BRDA:700,68,0,0
BRDA:700,68,1,0
BRDA:702,69,0,0
BRDA:702,69,1,0
BRDA:702,70,0,0
BRDA:702,70,1,0
BRDA:725,71,0,0
BRDA:725,71,1,0
BRDA:725,72,0,0
BRDA:725,72,1,0
BRDA:735,73,0,0
BRDA:735,73,1,0
BRDA:735,74,0,0
BRDA:735,74,1,0
BRDA:735,74,2,0
BRDA:766,75,0,0
BRDA:766,75,1,0
BRDA:774,76,0,0
BRDA:774,76,1,0
BRDA:782,77,0,0
BRDA:782,77,1,0
BRDA:782,78,0,0
BRDA:782,78,1,0
BRDA:793,79,0,0
BRDA:793,79,1,0
BRDA:795,80,0,0
BRDA:795,80,1,0
BRDA:795,81,0,0
BRDA:795,81,1,0
BRDA:807,82,0,0
BRDA:807,82,1,0
BRDA:809,83,0,0
BRDA:809,83,1,0
BRDA:838,84,0,0
BRDA:838,84,1,0
BRDA:856,85,0,0
BRDA:856,85,1,0
BRDA:869,86,0,0
BRDA:869,86,1,0
BRDA:879,87,0,0
BRDA:879,87,1,0
BRDA:896,88,0,0
BRDA:896,88,1,0
BRDA:913,89,0,0
BRDA:913,89,1,0
BRDA:933,90,0,0
BRDA:933,90,1,0
BRDA:934,91,0,0
BRDA:934,91,1,0
BRDA:937,92,0,0
BRDA:937,92,1,0
BRDA:937,92,2,0
BRDA:939,93,0,0
BRDA:939,93,1,0
BRDA:945,94,0,0
BRDA:945,94,1,0
BRDA:947,95,0,0
BRDA:947,95,1,0
BRDA:947,96,0,0
BRDA:947,96,1,0
BRDA:953,97,0,0
BRDA:953,97,1,0
BRDA:958,98,0,0
BRDA:958,98,1,0
BRDA:962,99,0,0
BRDA:962,99,1,0
BRDA:964,100,0,0
BRDA:964,100,1,0
BRDA:964,101,0,0
BRDA:964,101,1,0
BRDA:970,102,0,0
BRDA:970,102,1,0
BRDA:973,103,0,0
BRDA:973,103,1,0
BRDA:973,103,2,0
BRDA:976,104,0,0
BRDA:976,104,1,0
BRDA:976,105,0,0
BRDA:976,105,1,0
BRDA:999,106,0,0
BRDA:999,106,1,0
BRDA:1002,107,0,0
BRDA:1002,107,1,0
BRDA:1008,108,0,0
BRDA:1008,108,1,0
BRDA:1020,109,0,0
BRDA:1020,109,1,0
BRDA:1020,110,0,0
BRDA:1020,110,1,0
BRDA:1027,111,0,0
BRDA:1027,111,1,0
BRDA:1027,112,0,0
BRDA:1027,112,1,0
BRDA:1028,113,0,0
BRDA:1028,113,1,0
BRDA:1031,114,0,0
BRDA:1031,114,1,0
BRDA:1040,115,0,0
BRDA:1040,115,1,0
BRDA:1046,116,0,0
BRDA:1046,116,1,0
BRDA:1059,117,0,0
BRDA:1059,117,1,0
BRDA:1059,118,0,0
BRDA:1059,118,1,0
BRDA:1062,119,0,0
BRDA:1062,119,1,0
BRDA:1068,120,0,0
BRDA:1068,120,1,0
BRDA:1068,121,0,0
BRDA:1068,121,1,0
BRDA:1074,122,0,0
BRDA:1074,122,1,0
BRDA:1074,123,0,0
BRDA:1074,123,1,0
BRDA:1084,124,0,0
BRDA:1084,124,1,0
BRDA:1088,125,0,0
BRDA:1088,125,1,0
BRDA:1092,126,0,0
BRDA:1092,126,1,0
BRDA:1101,127,0,0
BRDA:1101,127,1,0
BRDA:1118,128,0,0
BRDA:1118,128,1,0
BRDA:1135,129,0,0
BRDA:1135,129,1,0
BRDA:1136,130,0,0
BRDA:1136,130,1,0
BRDA:1160,131,0,0
BRDA:1160,131,1,0
BRDA:1162,132,0,0
BRDA:1162,132,1,0
BRDA:1170,133,0,0
BRDA:1170,133,1,0
BRDA:1170,134,0,0
BRDA:1170,134,1,0
BRDA:1174,135,0,0
BRDA:1174,135,1,0
BRDA:1190,136,0,0
BRDA:1190,136,1,0
BRDA:1215,137,0,0
BRDA:1215,137,1,0
BRDA:1235,138,0,0
BRDA:1235,138,1,0
BRDA:1254,139,0,0
BRDA:1254,139,1,0
BRDA:1255,140,0,0
BRDA:1255,140,1,0
BRDA:1258,141,0,0
BRDA:1258,141,1,0
BRDA:1258,142,0,0
BRDA:1258,142,1,0
BRDA:1262,143,0,0
BRDA:1262,143,1,0
BRDA:1272,144,0,0
BRDA:1272,144,1,0
BRDA:1292,145,0,0
BRDA:1292,145,1,0
BRDA:1300,146,0,0
BRDA:1300,146,1,0
BRDA:1300,147,0,0
BRDA:1300,147,1,0
BRDA:1312,148,0,0
BRDA:1312,148,1,0
BRDA:1318,149,0,0
BRDA:1318,149,1,0
BRDA:1333,150,0,0
BRDA:1333,150,1,0
BRDA:1334,151,0,0
BRDA:1334,151,1,0
BRDA:1338,152,0,0
BRDA:1338,152,1,0
BRDA:1382,153,0,0
BRDA:1382,153,1,0
BRDA:1388,154,0,0
BRDA:1388,154,1,0
BRDA:1400,155,0,0
BRDA:1400,155,1,0
BRDA:1403,156,0,0
BRDA:1403,156,1,0
BRDA:1406,157,0,0
BRDA:1406,157,1,0
BRDA:1414,158,0,0
BRDA:1414,158,1,0
BRDA:1424,159,0,0
BRDA:1424,159,1,0
BRDA:1439,160,0,0
BRDA:1439,160,1,0
BRDA:1446,161,0,0
BRDA:1446,161,1,0
BRDA:1450,162,0,0
BRDA:1450,162,1,0
BRDA:1461,163,0,0
BRDA:1461,163,1,0
BRDA:1462,164,0,0
BRDA:1462,164,1,0
BRDA:1464,165,0,0
BRDA:1464,165,1,0
BRDA:1476,166,0,0
BRDA:1476,166,1,0
BRDA:1477,167,0,0
BRDA:1477,167,1,0
BRDA:1484,168,0,0
BRDA:1484,168,1,0
BRDA:1492,169,0,0
BRDA:1492,169,1,0
BRDA:1508,170,0,0
BRDA:1508,170,1,0
BRDA:1511,171,0,0
BRDA:1511,171,1,0
BRDA:1514,172,0,0
BRDA:1514,172,1,0
BRDA:1529,173,0,0
BRDA:1529,173,1,0
BRDA:1534,174,0,0
BRDA:1534,174,1,0
BRDA:1545,175,0,0
BRDA:1545,175,1,0
BRDA:1550,176,0,0
BRDA:1550,176,1,0
BRDA:1560,177,0,0
BRDA:1560,177,1,0
BRDA:1567,178,0,0
BRDA:1567,178,1,0
BRDA:1605,179,0,0
BRDA:1605,179,1,0
BRDA:1610,180,0,0
BRDA:1610,180,1,0
BRDA:1640,181,0,0
BRDA:1640,181,1,0
BRDA:1649,182,0,0
BRDA:1649,182,1,0
BRDA:1677,183,0,0
BRDA:1677,183,1,0
BRDA:1692,184,0,0
BRDA:1692,184,1,0
BRDA:1700,185,0,0
BRDA:1700,185,1,0
BRDA:1703,186,0,0
BRDA:1703,186,1,0
BRDA:1711,187,0,0
BRDA:1711,187,1,0
BRDA:1711,188,0,0
BRDA:1711,188,1,0
BRDA:1744,189,0,0
BRDA:1744,189,1,0
BRDA:1752,190,0,0
BRDA:1752,190,1,0
BRDA:1759,191,0,0
BRDA:1759,191,1,0
BRDA:1766,192,0,0
BRDA:1766,192,1,0
BRDA:1773,193,0,0
BRDA:1773,193,1,0
BRDA:1798,194,0,0
BRDA:1798,194,1,0
BRDA:1798,195,0,0
BRDA:1798,195,1,0
BRDA:1810,196,0,0
BRDA:1810,196,1,0
BRDA:1818,197,0,0
BRDA:1818,197,1,0
BRDA:1831,198,0,0
BRDA:1831,198,1,0
BRDA:1837,199,0,0
BRDA:1837,199,1,0
BRDA:1837,200,0,0
BRDA:1837,200,1,0
BRDA:1851,201,0,0
BRDA:1851,201,1,0
BRDA:1871,202,0,0
BRDA:1871,202,1,0
BRDA:1875,203,0,0
BRDA:1875,203,1,0
BRDA:1881,204,0,0
BRDA:1881,204,1,0
BRDA:1887,205,0,0
BRDA:1887,205,1,0
BRDA:1903,206,0,0
BRDA:1903,206,1,0
BRDA:1910,207,0,0
BRDA:1910,207,1,0
BRDA:1918,208,0,0
BRDA:1918,208,1,0
BRDA:1938,209,0,0
BRDA:1938,209,1,0
BRDA:1938,210,0,0
BRDA:1938,210,1,0
BRDA:1947,211,0,0
BRDA:1947,211,1,0
BRDA:1949,212,0,0
BRDA:1949,212,1,0
BRDA:1960,213,0,0
BRDA:1960,213,1,0
BRDA:1960,214,0,0
BRDA:1960,214,1,0
BRDA:1975,215,0,0
BRDA:1975,215,1,0
BRDA:1979,216,0,0
BRDA:1979,216,1,0
BRDA:1983,217,0,0
BRDA:1983,217,1,0
BRDA:1985,218,0,0
BRDA:1985,218,1,0
BRDA:1989,219,0,0
BRDA:1989,219,1,0
BRDA:1991,220,0,0
BRDA:1991,220,1,0
BRDA:2004,221,0,0
BRDA:2004,221,1,0
BRDA:2004,222,0,0
BRDA:2004,222,1,0
BRDA:2012,223,0,0
BRDA:2012,223,1,0
BRDA:2023,224,0,0
BRDA:2023,224,1,0
BRDA:2031,225,0,0
BRDA:2031,225,1,0
BRDA:2033,226,0,0
BRDA:2033,226,1,0
BRDA:2033,227,0,0
BRDA:2033,227,1,0
BRDA:2044,228,0,0
BRDA:2044,228,1,0
BRDA:2047,229,0,0
BRDA:2047,229,1,0
BRDA:2063,230,0,0
BRDA:2063,230,1,0
BRDA:2083,231,0,0
BRDA:2083,231,1,0
BRDA:2083,232,0,0
BRDA:2083,232,1,0
BRDA:2088,233,0,0
BRDA:2088,233,1,0
BRDA:2096,234,0,0
BRDA:2096,234,1,0
BRDA:2103,235,0,0
BRDA:2103,235,1,0
BRDA:2108,236,0,0
BRDA:2108,236,1,0
BRDA:2125,237,0,0
BRDA:2125,237,1,0
BRDA:2139,238,0,0
BRDA:2139,238,1,0
BRDA:2142,239,0,0
BRDA:2142,239,1,0
BRDA:2142,240,0,0
BRDA:2142,240,1,0
BRDA:2144,241,0,0
BRDA:2144,241,1,0
BRDA:2145,242,0,0
BRDA:2145,242,1,0
BRDA:2151,243,0,0
BRDA:2151,243,1,0
BRDA:2172,244,0,0
BRDA:2173,245,0,0
BRDA:2173,246,0,0
BRDA:2177,247,0,0
BRDA:2177,247,1,0
BRDA:2177,248,0,0
BRDA:2177,248,1,0
BRDA:2179,249,0,0
BRDA:2179,249,1,0
BRDA:2180,250,0,0
BRDA:2180,250,1,0
BRDA:2180,251,0,0
BRDA:2180,251,1,0
BRDA:2182,252,0,0
BRDA:2182,252,1,0
BRDA:2185,253,0,0
BRDA:2185,253,1,0
BRDA:2185,254,0,0
BRDA:2185,254,1,0
BRDA:2187,255,0,0
BRDA:2187,255,1,0
BRDA:2192,256,0,0
BRDA:2192,256,1,0
BRDA:2198,257,0,0
BRDA:2198,257,1,0
BRDA:2201,258,0,0
BRDA:2201,258,1,0
BRDA:2207,259,0,0
BRDA:2208,260,0,0
BRDA:2208,260,1,0
BRDA:2208,261,0,0
BRDA:2208,261,1,0
BRDA:2229,262,0,0
BRDA:2229,262,1,0
BRDA:2234,263,0,0
BRDA:2234,263,1,0
BRDA:2236,264,0,0
BRDA:2236,264,1,0
BRDA:2240,265,0,0
BRDA:2240,265,1,0
BRDA:2241,266,0,0
BRDA:2241,266,1,0
BRDA:2247,267,0,0
BRDA:2247,267,1,0
BRDA:2249,268,0,0
BRDA:2249,268,1,0
BRDA:2263,269,0,0
BRDA:2264,270,0,0
BRDA:2266,271,0,0
BRDA:2266,271,1,0
BRDA:2266,272,0,0
BRDA:2266,272,1,0
BRDA:2267,273,0,0
BRDA:2267,273,1,0
BRDA:2268,274,0,0
BRDA:2268,274,1,0
BRDA:2268,275,0,0
BRDA:2268,275,1,0
BRDA:2269,276,0,0
BRDA:2269,276,1,0
BRDA:2272,277,0,0
BRDA:2272,277,1,0
BRDA:2274,278,0,0
BRDA:2274,278,1,0
BRDA:2277,279,0,0
BRDA:2277,279,1,0
BRDA:2283,280,0,0
BRDA:2283,280,1,0
BRDA:2285,281,0,0
BRDA:2285,281,1,0
BRDA:2293,282,0,0
BRDA:2293,282,1,0
BRDA:2301,283,0,0
BRDA:2301,283,1,0
BRDA:2314,284,0,0
BRDA:2314,284,1,0
BRDA:2356,285,0,0
BRDA:2356,285,1,0
BRDA:2394,286,0,0
BRDA:2394,286,1,0
BRDA:2490,287,0,0
BRDA:2490,287,1,0
BRDA:2497,288,0,0
BRDA:2497,288,1,0
BRDA:2498,289,0,0
BRDA:2498,289,1,0
BRDA:2504,290,0,0
BRDA:2504,290,1,0
BRDA:2516,291,0,0
BRDA:2516,291,1,0
BRDA:2541,292,0,0
BRDA:2541,292,1,0
BRDA:2546,293,0,0
BRDA:2546,293,1,0
BRF:585
BRH:0
end_of_record
TN:
SF:src/ios-image-helper.ts
FN:20,(anonymous_0)
FN:28,(anonymous_1)
FN:39,(anonymous_2)
FN:41,(anonymous_3)
FN:44,(anonymous_4)
FN:61,(anonymous_5)
FN:75,(anonymous_6)
FN:76,(anonymous_7)
FN:78,(anonymous_8)
FN:79,(anonymous_9)
FN:84,(anonymous_10)
FN:85,(anonymous_11)
FN:86,(anonymous_12)
FN:87,(anonymous_13)
FN:96,(anonymous_14)
FN:109,(anonymous_15)
FN:116,(anonymous_16)
FN:122,(anonymous_17)
FN:131,(anonymous_18)
FN:140,(anonymous_19)
FN:145,(anonymous_20)
FN:156,initializeIOSImageOptimizer
FNF:22
FNH:0
FNDA:0,(anonymous_0)
FNDA:0,(anonymous_1)
FNDA:0,(anonymous_2)
FNDA:0,(anonymous_3)
FNDA:0,(anonymous_4)
FNDA:0,(anonymous_5)
FNDA:0,(anonymous_6)
FNDA:0,(anonymous_7)
FNDA:0,(anonymous_8)
FNDA:0,(anonymous_9)
FNDA:0,(anonymous_10)
FNDA:0,(anonymous_11)
FNDA:0,(anonymous_12)
FNDA:0,(anonymous_13)
FNDA:0,(anonymous_14)
FNDA:0,(anonymous_15)
FNDA:0,(anonymous_16)
FNDA:0,(anonymous_17)
FNDA:0,(anonymous_18)
FNDA:0,(anonymous_19)
FNDA:0,(anonymous_20)
FNDA:0,initializeIOSImageOptimizer
DA:1,0
DA:16,0
DA:17,0
DA:18,0
DA:21,0
DA:22,0
DA:23,0
DA:25,0
DA:30,0
DA:33,0
DA:36,0
DA:40,0
DA:41,0
DA:45,0
DA:47,0
DA:48,0
DA:50,0
DA:52,0
DA:54,0
DA:55,0
DA:57,0
DA:61,0
DA:62,0
DA:63,0
DA:64,0
DA:65,0
DA:68,0
DA:69,0
DA:70,0
DA:76,0
DA:77,0
DA:78,0
DA:79,0
DA:80,0
DA:85,0
DA:86,0
DA:87,0
DA:88,0
DA:89,0
DA:90,0
DA:91,0
DA:94,0
DA:95,0
DA:96,0
DA:103,0
DA:110,0
DA:116,0
DA:117,0
DA:118,0
DA:123,0
DA:124,0
DA:125,0
DA:126,0
DA:128,0
DA:132,0
DA:133,0
DA:134,0
DA:135,0
DA:136,0
DA:141,0
DA:146,0
DA:157,0
DA:160,0
DA:161,0
DA:163,0
DA:167,0
LF:66
LH:0
BRDA:21,0,0,0
BRDA:21,0,1,0
BRDA:45,1,0,0
BRDA:45,1,1,0
BRDA:52,2,0,0
BRDA:52,2,1,0
BRDA:55,3,0,0
BRDA:55,3,1,0
BRDA:62,4,0,0
BRDA:62,4,1,0
BRDA:88,5,0,0
BRDA:88,5,1,0
BRDA:90,6,0,0
BRDA:90,6,1,0
BRDA:90,7,0,0
BRDA:90,7,1,0
BRDA:90,7,2,0
BRDA:94,8,0,0
BRDA:94,8,1,0
BRDA:95,9,0,0
BRDA:95,9,1,0
BRDA:123,10,0,0
BRDA:123,10,1,0
BRDA:125,11,0,0
BRDA:125,11,1,0
BRDA:150,12,0,0
BRDA:150,12,1,0
BRDA:150,13,0,0
BRDA:150,13,1,0
BRDA:160,14,0,0
BRDA:160,14,1,0
BRF:31
BRH:0
end_of_record
TN:
SF:src/main.ts
FN:102,primeHomeCtaForEnter
FN:121,initializeApp
FN:201,setupIOSOptimizations
FN:209,(anonymous_13)
FN:210,(anonymous_14)
FN:215,startAssetPreloading
FN:221,(anonymous_16)
FN:231,(anonymous_17)
FN:233,(anonymous_18)
FN:243,(anonymous_19)
FN:251,(anonymous_20)
FN:257,(anonymous_21)
FN:281,(anonymous_22)
FN:287,(anonymous_23)
FN:298,(anonymous_24)
FN:318,(anonymous_25)
FN:432,(anonymous_26)
FN:450,(anonymous_27)
FN:466,(anonymous_28)
FN:475,(anonymous_29)
FN:486,(anonymous_30)
FN:553,(anonymous_31)
FN:561,initializeGame
FN:587,(anonymous_33)
FN:591,(anonymous_34)
FN:597,(anonymous_35)
FN:604,(anonymous_36)
FN:612,(anonymous_37)
FN:641,(anonymous_38)
FN:656,(anonymous_39)
FN:661,(anonymous_40)
FN:667,(anonymous_41)
FN:672,(anonymous_42)
FN:678,startNewRun
FN:689,(anonymous_44)
FN:741,(anonymous_45)
FN:741,(anonymous_46)
FN:762,(anonymous_47)
FN:788,(anonymous_48)
FN:798,(anonymous_49)
FN:935,(anonymous_50)
FN:935,(anonymous_51)
FN:954,(anonymous_52)
FN:974,(anonymous_53)
FN:1005,(anonymous_54)
FN:1132,(anonymous_55)
FN:1149,(anonymous_56)
FN:1211,(anonymous_57)
FN:1225,(anonymous_58)
FN:1233,(anonymous_59)
FN:1246,(anonymous_60)
FN:1256,(anonymous_61)
FN:1268,(anonymous_62)
FN:1294,(anonymous_63)
FN:1330,(anonymous_64)
FN:1377,(anonymous_65)
FN:1400,(anonymous_66)
FN:1416,(anonymous_67)
FN:1423,(anonymous_68)
FN:1453,(anonymous_69)
FN:1454,(anonymous_70)
FN:1456,(anonymous_71)
FN:1482,(anonymous_72)
FN:1487,(anonymous_73)
FN:1504,(anonymous_74)
FN:1525,(anonymous_75)
FN:1538,(anonymous_76)
FN:1564,(anonymous_77)
FN:1564,(anonymous_78)
FN:1571,(anonymous_79)
FN:1577,(anonymous_80)
FN:1585,(anonymous_81)
FN:1597,(anonymous_82)
FN:1632,(anonymous_83)
FN:1660,(anonymous_84)
FN:1670,(anonymous_85)
FN:1685,(anonymous_86)
FN:1686,(anonymous_87)
FN:1735,(anonymous_88)
FN:1746,(anonymous_89)
FN:1829,(anonymous_90)
FN:1850,(anonymous_91)
FN:1904,(anonymous_92)
FN:2102,(anonymous_93)
FN:2112,(anonymous_94)
FN:2194,(anonymous_95)
FN:2229,(anonymous_96)
FN:2239,(anonymous_97)
FN:2275,(anonymous_98)
FN:2275,(anonymous_99)
FN:2293,(anonymous_100)
FN:2310,(anonymous_101)
FN:2316,(anonymous_102)
FN:2353,(anonymous_103)
FN:2371,(anonymous_104)
FN:2388,(anonymous_105)
FN:2399,(anonymous_106)
FN:2404,(anonymous_107)
FN:2415,(anonymous_108)
FN:2432,(anonymous_109)
FN:2433,(anonymous_110)
FN:2433,(anonymous_111)
FN:2442,(anonymous_112)
FN:2452,(anonymous_113)
FN:2452,(anonymous_114)
FN:2464,(anonymous_115)
FN:2471,(anonymous_116)
FN:2492,(anonymous_117)
FN:2494,(anonymous_118)
FN:2503,(anonymous_119)
FN:2506,(anonymous_120)
FN:2511,(anonymous_121)
FN:2516,(anonymous_122)
FN:2531,(anonymous_123)
FN:2533,(anonymous_124)
FN:2542,(anonymous_125)
FN:2544,(anonymous_126)
FN:2553,(anonymous_127)
FN:2555,(anonymous_128)
FN:2564,(anonymous_129)
FN:2566,(anonymous_130)
FN:2575,(anonymous_131)
FN:2587,(anonymous_132)
FN:2597,(anonymous_133)
FNF:124
FNH:0
FNDA:0,primeHomeCtaForEnter
FNDA:0,initializeApp
FNDA:0,setupIOSOptimizations
FNDA:0,(anonymous_13)
FNDA:0,(anonymous_14)
FNDA:0,startAssetPreloading
FNDA:0,(anonymous_16)
FNDA:0,(anonymous_17)
FNDA:0,(anonymous_18)
FNDA:0,(anonymous_19)
FNDA:0,(anonymous_20)
FNDA:0,(anonymous_21)
FNDA:0,(anonymous_22)
FNDA:0,(anonymous_23)
FNDA:0,(anonymous_24)
FNDA:0,(anonymous_25)
FNDA:0,(anonymous_26)
FNDA:0,(anonymous_27)
FNDA:0,(anonymous_28)
FNDA:0,(anonymous_29)
FNDA:0,(anonymous_30)
FNDA:0,(anonymous_31)
FNDA:0,initializeGame
FNDA:0,(anonymous_33)
FNDA:0,(anonymous_34)
FNDA:0,(anonymous_35)
FNDA:0,(anonymous_36)
FNDA:0,(anonymous_37)
FNDA:0,(anonymous_38)
FNDA:0,(anonymous_39)
FNDA:0,(anonymous_40)
FNDA:0,(anonymous_41)
FNDA:0,(anonymous_42)
FNDA:0,startNewRun
FNDA:0,(anonymous_44)
FNDA:0,(anonymous_45)
FNDA:0,(anonymous_46)
FNDA:0,(anonymous_47)
FNDA:0,(anonymous_48)
FNDA:0,(anonymous_49)
FNDA:0,(anonymous_50)
FNDA:0,(anonymous_51)
FNDA:0,(anonymous_52)
FNDA:0,(anonymous_53)
FNDA:0,(anonymous_54)
FNDA:0,(anonymous_55)
FNDA:0,(anonymous_56)
FNDA:0,(anonymous_57)
FNDA:0,(anonymous_58)
FNDA:0,(anonymous_59)
FNDA:0,(anonymous_60)
FNDA:0,(anonymous_61)
FNDA:0,(anonymous_62)
FNDA:0,(anonymous_63)
FNDA:0,(anonymous_64)
FNDA:0,(anonymous_65)
FNDA:0,(anonymous_66)
FNDA:0,(anonymous_67)
FNDA:0,(anonymous_68)
FNDA:0,(anonymous_69)
FNDA:0,(anonymous_70)
FNDA:0,(anonymous_71)
FNDA:0,(anonymous_72)
FNDA:0,(anonymous_73)
FNDA:0,(anonymous_74)
FNDA:0,(anonymous_75)
FNDA:0,(anonymous_76)
FNDA:0,(anonymous_77)
FNDA:0,(anonymous_78)
FNDA:0,(anonymous_79)
FNDA:0,(anonymous_80)
FNDA:0,(anonymous_81)
FNDA:0,(anonymous_82)
FNDA:0,(anonymous_83)
FNDA:0,(anonymous_84)
FNDA:0,(anonymous_85)
FNDA:0,(anonymous_86)
FNDA:0,(anonymous_87)
FNDA:0,(anonymous_88)
FNDA:0,(anonymous_89)
FNDA:0,(anonymous_90)
FNDA:0,(anonymous_91)
FNDA:0,(anonymous_92)
FNDA:0,(anonymous_93)
FNDA:0,(anonymous_94)
FNDA:0,(anonymous_95)
FNDA:0,(anonymous_96)
FNDA:0,(anonymous_97)
FNDA:0,(anonymous_98)
FNDA:0,(anonymous_99)
FNDA:0,(anonymous_100)
FNDA:0,(anonymous_101)
FNDA:0,(anonymous_102)
FNDA:0,(anonymous_103)
FNDA:0,(anonymous_104)
FNDA:0,(anonymous_105)
FNDA:0,(anonymous_106)
FNDA:0,(anonymous_107)
FNDA:0,(anonymous_108)
FNDA:0,(anonymous_109)
FNDA:0,(anonymous_110)
FNDA:0,(anonymous_111)
FNDA:0,(anonymous_112)
FNDA:0,(anonymous_113)
FNDA:0,(anonymous_114)
FNDA:0,(anonymous_115)
FNDA:0,(anonymous_116)
FNDA:0,(anonymous_117)
FNDA:0,(anonymous_118)
FNDA:0,(anonymous_119)
FNDA:0,(anonymous_120)
FNDA:0,(anonymous_121)
FNDA:0,(anonymous_122)
FNDA:0,(anonymous_123)
FNDA:0,(anonymous_124)
FNDA:0,(anonymous_125)
FNDA:0,(anonymous_126)
FNDA:0,(anonymous_127)
FNDA:0,(anonymous_128)
FNDA:0,(anonymous_129)
FNDA:0,(anonymous_130)
FNDA:0,(anonymous_131)
FNDA:0,(anonymous_132)
FNDA:0,(anonymous_133)
DA:5,0
DA:7,0
DA:8,0
DA:10,0
DA:11,0
DA:12,0
DA:13,0
DA:14,0
DA:15,0
DA:27,0
DA:28,0
DA:29,0
DA:30,0
DA:31,0
DA:34,0
DA:37,0
DA:73,0
DA:74,0
DA:76,0
DA:77,0
DA:78,0
DA:79,0
DA:80,0
DA:81,0
DA:82,0
DA:83,0
DA:84,0
DA:85,0
DA:86,0
DA:103,0
DA:104,0
DA:105,0
DA:106,0
DA:108,0
DA:109,0
DA:110,0
DA:112,0
DA:113,0
DA:114,0
DA:116,0
DA:122,0
DA:124,0
DA:129,0
DA:130,0
DA:131,0
DA:132,0
DA:135,0
DA:139,0
DA:140,0
DA:146,0
DA:147,0
DA:153,0
DA:156,0
DA:157,0
DA:158,0
DA:159,0
DA:161,0
DA:162,0
DA:163,0
DA:164,0
DA:167,0
DA:170,0
DA:173,0
DA:176,0
DA:179,0
DA:182,0
DA:185,0
DA:188,0
DA:190,0
DA:191,0
DA:194,0
DA:195,0
DA:196,0
DA:202,0
DA:203,0
DA:206,0
DA:209,0
DA:210,0
DA:216,0
DA:217,0
DA:221,0
DA:224,0
DA:225,0
DA:227,0
DA:228,0
DA:231,0
DA:232,0
DA:234,0
DA:237,0
DA:242,0
DA:243,0
DA:244,0
DA:245,0
DA:247,0
DA:251,0
DA:252,0
DA:253,0
DA:257,0
DA:258,0
DA:263,0
DA:264,0
DA:266,0
DA:267,0
DA:268,0
DA:269,0
DA:270,0
DA:271,0
DA:278,0
DA:281,0
DA:282,0
DA:287,0
DA:290,0
DA:291,0
DA:297,0
DA:298,0
DA:299,0
DA:300,0
DA:301,0
DA:302,0
DA:303,0
DA:304,0
DA:310,0
DA:311,0
DA:312,0
DA:313,0
DA:318,0
DA:319,0
DA:320,0
DA:321,0
DA:326,0
DA:327,0
DA:329,0
DA:330,0
DA:331,0
DA:332,0
DA:336,0
DA:337,0
DA:338,0
DA:339,0
DA:340,0
DA:342,0
DA:343,0
DA:349,0
DA:353,0
DA:354,0
DA:355,0
DA:357,0
DA:358,0
DA:359,0
DA:360,0
DA:361,0
DA:362,0
DA:364,0
DA:368,0
DA:369,0
DA:370,0
DA:375,0
DA:377,0
DA:378,0
DA:379,0
DA:383,0
DA:390,0
DA:394,0
DA:395,0
DA:396,0
DA:397,0
DA:402,0
DA:403,0
DA:404,0
DA:405,0
DA:406,0
DA:410,0
DA:411,0
DA:415,0
DA:419,0
DA:420,0
DA:426,0
DA:427,0
DA:428,0
DA:432,0
DA:436,0
DA:440,0
DA:441,0
DA:442,0
DA:443,0
DA:444,0
DA:445,0
DA:449,0
DA:450,0
DA:451,0
DA:452,0
DA:453,0
DA:459,0
DA:460,0
DA:461,0
DA:462,0
DA:463,0
DA:464,0
DA:466,0
DA:467,0
DA:468,0
DA:469,0
DA:475,0
DA:476,0
DA:477,0
DA:478,0
DA:482,0
DA:486,0
DA:490,0
DA:491,0
DA:495,0
DA:496,0
DA:497,0
DA:498,0
DA:499,0
DA:500,0
DA:501,0
DA:504,0
DA:508,0
DA:510,0
DA:517,0
DA:518,0
DA:519,0
DA:523,0
DA:524,0
DA:525,0
DA:526,0
DA:527,0
DA:528,0
DA:529,0
DA:531,0
DA:532,0
DA:538,0
DA:539,0
DA:540,0
DA:541,0
DA:543,0
DA:544,0
DA:547,0
DA:550,0
DA:552,0
DA:553,0
DA:554,0
DA:556,0
DA:562,0
DA:563,0
DA:569,0
DA:576,0
DA:578,0
DA:581,0
DA:582,0
DA:587,0
DA:588,0
DA:591,0
DA:592,0
DA:597,0
DA:598,0
DA:600,0
DA:602,0
DA:604,0
DA:605,0
DA:607,0
DA:608,0
DA:611,0
DA:612,0
DA:613,0
DA:614,0
DA:618,0
DA:619,0
DA:620,0
DA:622,0
DA:624,0
DA:625,0
DA:626,0
DA:631,0
DA:637,0
DA:638,0
DA:641,0
DA:642,0
DA:646,0
DA:647,0
DA:648,0
DA:649,0
DA:650,0
DA:653,0
DA:656,0
DA:657,0
DA:658,0
DA:661,0
DA:662,0
DA:663,0
DA:667,0
DA:668,0
DA:669,0
DA:672,0
DA:673,0
DA:674,0
DA:679,0
DA:683,0
DA:684,0
DA:685,0
DA:686,0
DA:689,0
DA:692,0
DA:693,0
DA:696,0
DA:697,0
DA:698,0
DA:701,0
DA:705,0
DA:706,0
DA:707,0
DA:708,0
DA:709,0
DA:710,0
DA:712,0
DA:716,0
DA:718,0
DA:722,0
DA:723,0
DA:725,0
DA:726,0
DA:727,0
DA:731,0
DA:734,0
DA:735,0
DA:738,0
DA:739,0
DA:741,0
DA:742,0
DA:744,0
DA:748,0
DA:751,0
DA:752,0
DA:754,0
DA:756,0
DA:757,0
DA:758,0
DA:762,0
DA:763,0
DA:764,0
DA:766,0
DA:768,0
DA:769,0
DA:772,0
DA:773,0
DA:776,0
DA:778,0
DA:780,0
DA:781,0
DA:788,0
DA:789,0
DA:790,0
DA:794,0
DA:795,0
DA:798,0
DA:800,0
DA:802,0
DA:806,0
DA:807,0
DA:808,0
DA:810,0
DA:811,0
DA:812,0
DA:813,0
DA:814,0
DA:815,0
DA:816,0
DA:817,0
DA:818,0
DA:819,0
DA:824,0
DA:825,0
DA:828,0
DA:829,0
DA:830,0
DA:831,0
DA:832,0
DA:834,0
DA:838,0
DA:842,0
DA:843,0
DA:844,0
DA:845,0
DA:846,0
DA:847,0
DA:849,0
DA:853,0
DA:855,0
DA:860,0
DA:863,0
DA:864,0
DA:865,0
DA:866,0
DA:867,0
DA:868,0
DA:869,0
DA:873,0
DA:876,0
DA:877,0
DA:878,0
DA:881,0
DA:885,0
DA:886,0
DA:890,0
DA:891,0
DA:892,0
DA:895,0
DA:898,0
DA:899,0
DA:901,0
DA:902,0
DA:904,0
DA:905,0
DA:908,0
DA:909,0
DA:912,0
DA:915,0
DA:918,0
DA:919,0
DA:923,0
DA:924,0
DA:925,0
DA:926,0
DA:927,0
DA:928,0
DA:934,0
DA:935,0
DA:940,0
DA:941,0
DA:942,0
DA:943,0
DA:944,0
DA:945,0
DA:946,0
DA:947,0
DA:949,0
DA:950,0
DA:951,0
DA:952,0
DA:954,0
DA:956,0
DA:958,0
DA:959,0
DA:960,0
DA:964,0
DA:967,0
DA:968,0
DA:969,0
DA:970,0
DA:971,0
DA:972,0
DA:974,0
DA:976,0
DA:978,0
DA:979,0
DA:980,0
DA:984,0
DA:986,0
DA:989,0
DA:993,0
DA:994,0
DA:995,0
DA:996,0
DA:997,0
DA:999,0
DA:1000,0
DA:1001,0
DA:1005,0
DA:1006,0
DA:1007,0
DA:1009,0
DA:1010,0
DA:1011,0
DA:1016,0
DA:1017,0
DA:1018,0
DA:1021,0
DA:1023,0
DA:1024,0
DA:1025,0
DA:1027,0
DA:1028,0
DA:1031,0
DA:1035,0
DA:1036,0
DA:1037,0
DA:1038,0
DA:1039,0
DA:1040,0
DA:1041,0
DA:1042,0
DA:1043,0
DA:1044,0
DA:1045,0
DA:1046,0
DA:1049,0
DA:1052,0
DA:1053,0
DA:1054,0
DA:1055,0
DA:1056,0
DA:1057,0
DA:1060,0
DA:1062,0
DA:1063,0
DA:1066,0
DA:1067,0
DA:1068,0
DA:1069,0
DA:1070,0
DA:1071,0
DA:1072,0
DA:1073,0
DA:1074,0
DA:1075,0
DA:1081,0
DA:1086,0
DA:1089,0
DA:1090,0
DA:1095,0
DA:1099,0
DA:1100,0
DA:1101,0
DA:1102,0
DA:1103,0
DA:1107,0
DA:1108,0
DA:1109,0
DA:1110,0
DA:1111,0
DA:1112,0
DA:1116,0
DA:1117,0
DA:1118,0
DA:1121,0
DA:1122,0
DA:1123,0
DA:1129,0
DA:1132,0
DA:1133,0
DA:1134,0
DA:1135,0
DA:1138,0
DA:1139,0
DA:1143,0
DA:1144,0
DA:1145,0
DA:1146,0
DA:1149,0
DA:1150,0
DA:1153,0
DA:1154,0
DA:1155,0
DA:1159,0
DA:1160,0
DA:1161,0
DA:1162,0
DA:1163,0
DA:1166,0
DA:1167,0
DA:1169,0
DA:1172,0
DA:1173,0
DA:1175,0
DA:1176,0
DA:1179,0
DA:1181,0
DA:1182,0
DA:1185,0
DA:1186,0
DA:1187,0
DA:1190,0
DA:1191,0
DA:1193,0
DA:1194,0
DA:1195,0
DA:1198,0
DA:1199,0
DA:1201,0
DA:1202,0
DA:1204,0
DA:1205,0
DA:1206,0
DA:1211,0
DA:1212,0
DA:1216,0
DA:1217,0
DA:1218,0
DA:1221,0
DA:1222,0
DA:1225,0
DA:1226,0
DA:1227,0
DA:1228,0
DA:1233,0
DA:1234,0
DA:1237,0
DA:1238,0
DA:1239,0
DA:1241,0
DA:1245,0
DA:1246,0
DA:1247,0
DA:1248,0
DA:1251,0
DA:1253,0
DA:1254,0
DA:1256,0
DA:1257,0
DA:1258,0
DA:1260,0
DA:1261,0
DA:1262,0
DA:1263,0
DA:1264,0
DA:1267,0
DA:1268,0
DA:1269,0
DA:1270,0
DA:1271,0
DA:1272,0
DA:1274,0
DA:1275,0
DA:1276,0
DA:1282,0
DA:1283,0
DA:1284,0
DA:1285,0
DA:1286,0
DA:1287,0
DA:1292,0
DA:1293,0
DA:1294,0
DA:1295,0
DA:1296,0
DA:1297,0
DA:1298,0
DA:1304,0
DA:1305,0
DA:1306,0
DA:1308,0
DA:1314,0
DA:1319,0
DA:1320,0
DA:1321,0
DA:1322,0
DA:1325,0
DA:1330,0
DA:1331,0
DA:1334,0
DA:1337,0
DA:1338,0
DA:1340,0
DA:1341,0
DA:1347,0
DA:1348,0
DA:1349,0
DA:1350,0
DA:1353,0
DA:1354,0
DA:1355,0
DA:1356,0
DA:1357,0
DA:1361,0
DA:1362,0
DA:1363,0
DA:1365,0
DA:1366,0
DA:1367,0
DA:1368,0
DA:1377,0
DA:1378,0
DA:1381,0
DA:1385,0
DA:1386,0
DA:1388,0
DA:1391,0
DA:1395,0
DA:1399,0
DA:1400,0
DA:1401,0
DA:1403,0
DA:1404,0
DA:1407,0
DA:1408,0
DA:1409,0
DA:1410,0
DA:1411,0
DA:1415,0
DA:1416,0
DA:1417,0
DA:1418,0
DA:1421,0
DA:1422,0
DA:1423,0
DA:1428,0
DA:1437,0
DA:1438,0
DA:1444,0
DA:1447,0
DA:1452,0
DA:1453,0
DA:1454,0
DA:1455,0
DA:1456,0
DA:1457,0
DA:1458,0
DA:1459,0
DA:1465,0
DA:1468,0
DA:1474,0
DA:1475,0
DA:1476,0
DA:1477,0
DA:1481,0
DA:1482,0
DA:1483,0
DA:1484,0
DA:1485,0
DA:1487,0
DA:1488,0
DA:1491,0
DA:1495,0
DA:1496,0
DA:1497,0
DA:1498,0
DA:1499,0
DA:1500,0
DA:1504,0
DA:1505,0
DA:1506,0
DA:1507,0
DA:1510,0
DA:1514,0
DA:1516,0
DA:1518,0
DA:1519,0
DA:1520,0
DA:1523,0
DA:1525,0
DA:1526,0
DA:1527,0
DA:1528,0
DA:1532,0
DA:1533,0
DA:1536,0
DA:1537,0
DA:1538,0
DA:1539,0
DA:1540,0
DA:1541,0
DA:1542,0
DA:1550,0
DA:1551,0
DA:1552,0
DA:1555,0
DA:1558,0
DA:1559,0
DA:1560,0
DA:1561,0
DA:1564,0
DA:1565,0
DA:1568,0
DA:1569,0
DA:1571,0
DA:1577,0
DA:1578,0
DA:1581,0
DA:1584,0
DA:1585,0
DA:1586,0
DA:1587,0
DA:1588,0
DA:1589,0
DA:1592,0
DA:1596,0
DA:1597,0
DA:1598,0
DA:1599,0
DA:1600,0
DA:1601,0
DA:1604,0
DA:1609,0
DA:1610,0
DA:1611,0
DA:1612,0
DA:1615,0
DA:1620,0
DA:1621,0
DA:1622,0
DA:1623,0
DA:1624,0
DA:1627,0
DA:1631,0
DA:1632,0
DA:1633,0
DA:1634,0
DA:1635,0
DA:1638,0
DA:1642,0
DA:1643,0
DA:1644,0
DA:1645,0
DA:1646,0
DA:1647,0
DA:1650,0
DA:1655,0
DA:1656,0
DA:1660,0
DA:1661,0
DA:1662,0
DA:1663,0
DA:1667,0
DA:1668,0
DA:1669,0
DA:1670,0
DA:1671,0
DA:1674,0
DA:1675,0
DA:1676,0
DA:1677,0
DA:1678,0
DA:1682,0
DA:1683,0
DA:1684,0
DA:1685,0
DA:1686,0
DA:1687,0
DA:1688,0
DA:1692,0
DA:1693,0
DA:1697,0
DA:1699,0
DA:1704,0
DA:1705,0
DA:1706,0
DA:1707,0
DA:1708,0
DA:1709,0
DA:1712,0
DA:1716,0
DA:1717,0
DA:1718,0
DA:1730,0
DA:1731,0
DA:1732,0
DA:1734,0
DA:1735,0
DA:1736,0
DA:1737,0
DA:1738,0
DA:1740,0
DA:1745,0
DA:1746,0
DA:1748,0
DA:1749,0
DA:1750,0
DA:1751,0
DA:1753,0
DA:1759,0
DA:1764,0
DA:1765,0
DA:1766,0
DA:1767,0
DA:1768,0
DA:1769,0
DA:1770,0
DA:1771,0
DA:1772,0
DA:1775,0
DA:1779,0
DA:1780,0
DA:1781,0
DA:1782,0
DA:1783,0
DA:1784,0
DA:1785,0
DA:1786,0
DA:1787,0
DA:1790,0
DA:1794,0
DA:1795,0
DA:1796,0
DA:1797,0
DA:1798,0
DA:1799,0
DA:1800,0
DA:1801,0
DA:1802,0
DA:1805,0
DA:1814,0
DA:1817,0
DA:1819,0
DA:1820,0
DA:1823,0
DA:1829,0
DA:1831,0
DA:1832,0
DA:1833,0
DA:1836,0
DA:1837,0
DA:1838,0
DA:1841,0
DA:1844,0
DA:1845,0
DA:1849,0
DA:1850,0
DA:1851,0
DA:1852,0
DA:1853,0
DA:1854,0
DA:1858,0
DA:1870,0
DA:1872,0
DA:1873,0
DA:1876,0
DA:1877,0
DA:1878,0
DA:1879,0
DA:1880,0
DA:1882,0
DA:1884,0
DA:1885,0
DA:1888,0
DA:1889,0
DA:1893,0
DA:1894,0
DA:1896,0
DA:1897,0
DA:1900,0
DA:1903,0
DA:1904,0
DA:1905,0
DA:1907,0
DA:1909,0
DA:1910,0
DA:1911,0
DA:1912,0
DA:1915,0
DA:1916,0
DA:1918,0
DA:1919,0
DA:1920,0
DA:1924,0
DA:1925,0
DA:1926,0
DA:1927,0
DA:1928,0
DA:1932,0
DA:1933,0
DA:1934,0
DA:1936,0
DA:1937,0
DA:1938,0
DA:1940,0
DA:1941,0
DA:1942,0
DA:1944,0
DA:1947,0
DA:1952,0
DA:1953,0
DA:1954,0
DA:1957,0
DA:1958,0
DA:1959,0
DA:1964,0
DA:1965,0
DA:1966,0
DA:1967,0
DA:1969,0
DA:1970,0
DA:1971,0
DA:1972,0
DA:1973,0
DA:1975,0
DA:1976,0
DA:1978,0
DA:1981,0
DA:1985,0
DA:1986,0
DA:1987,0
DA:1988,0
DA:1990,0
DA:1993,0
DA:1994,0
DA:1995,0
DA:1996,0
DA:1997,0
DA:1998,0
DA:1999,0
DA:2000,0
DA:2003,0
DA:2004,0
DA:2005,0
DA:2006,0
DA:2007,0
DA:2008,0
DA:2009,0
DA:2013,0
DA:2018,0
DA:2019,0
DA:2020,0
DA:2021,0
DA:2022,0
DA:2023,0
DA:2024,0
DA:2029,0
DA:2039,0
DA:2040,0
DA:2041,0
DA:2042,0
DA:2043,0
DA:2044,0
DA:2045,0
DA:2046,0
DA:2049,0
DA:2051,0
DA:2052,0
DA:2053,0
DA:2062,0
DA:2063,0
DA:2064,0
DA:2066,0
DA:2067,0
DA:2071,0
DA:2072,0
DA:2073,0
DA:2074,0
DA:2075,0
DA:2077,0
DA:2083,0
DA:2084,0
DA:2085,0
DA:2086,0
DA:2088,0
DA:2093,0
DA:2094,0
DA:2095,0
DA:2096,0
DA:2097,0
DA:2098,0
DA:2099,0
DA:2102,0
DA:2103,0
DA:2104,0
DA:2106,0
DA:2112,0
DA:2114,0
DA:2115,0
DA:2116,0
DA:2120,0
DA:2121,0
DA:2122,0
DA:2123,0
DA:2124,0
DA:2126,0
DA:2127,0
DA:2128,0
DA:2129,0
DA:2131,0
DA:2132,0
DA:2133,0
DA:2134,0
DA:2136,0
DA:2137,0
DA:2138,0
DA:2139,0
DA:2142,0
DA:2143,0
DA:2145,0
DA:2147,0
DA:2148,0
DA:2149,0
DA:2150,0
DA:2154,0
DA:2155,0
DA:2159,0
DA:2160,0
DA:2161,0
DA:2162,0
DA:2165,0
DA:2166,0
DA:2168,0
DA:2169,0
DA:2170,0
DA:2171,0
DA:2175,0
DA:2178,0
DA:2179,0
DA:2181,0
DA:2183,0
DA:2184,0
DA:2185,0
DA:2186,0
DA:2188,0
DA:2189,0
DA:2194,0
DA:2195,0
DA:2196,0
DA:2198,0
DA:2201,0
DA:2205,0
DA:2210,0
DA:2211,0
DA:2212,0
DA:2213,0
DA:2215,0
DA:2220,0
DA:2221,0
DA:2222,0
DA:2223,0
DA:2224,0
DA:2225,0
DA:2226,0
DA:2229,0
DA:2230,0
DA:2231,0
DA:2233,0
DA:2239,0
DA:2241,0
DA:2242,0
DA:2243,0
DA:2245,0
DA:2248,0
DA:2252,0
DA:2254,0
DA:2255,0
DA:2256,0
DA:2257,0
DA:2260,0
DA:2264,0
DA:2265,0
DA:2266,0
DA:2267,0
DA:2268,0
DA:2269,0
DA:2270,0
DA:2275,0
DA:2279,0
DA:2280,0
DA:2281,0
DA:2282,0
DA:2285,0
DA:2288,0
DA:2289,0
DA:2291,0
DA:2294,0
DA:2299,0
DA:2300,0
DA:2301,0
DA:2302,0
DA:2303,0
DA:2304,0
DA:2310,0
DA:2311,0
DA:2312,0
DA:2315,0
DA:2316,0
DA:2317,0
DA:2319,0
DA:2320,0
DA:2321,0
DA:2323,0
DA:2326,0
DA:2327,0
DA:2328,0
DA:2329,0
DA:2330,0
DA:2331,0
DA:2332,0
DA:2333,0
DA:2336,0
DA:2337,0
DA:2338,0
DA:2339,0
DA:2340,0
DA:2341,0
DA:2342,0
DA:2346,0
DA:2347,0
DA:2349,0
DA:2350,0
DA:2352,0
DA:2353,0
DA:2354,0
DA:2355,0
DA:2356,0
DA:2358,0
DA:2359,0
DA:2360,0
DA:2361,0
DA:2362,0
DA:2363,0
DA:2364,0
DA:2370,0
DA:2371,0
DA:2372,0
DA:2374,0
DA:2377,0
DA:2378,0
DA:2379,0
DA:2380,0
DA:2381,0
DA:2382,0
DA:2388,0
DA:2389,0
DA:2390,0
DA:2392,0
DA:2395,0
DA:2396,0
DA:2398,0
DA:2399,0
DA:2400,0
DA:2402,0
DA:2404,0
DA:2405,0
DA:2406,0
DA:2408,0
DA:2409,0
DA:2411,0
DA:2414,0
DA:2415,0
DA:2416,0
DA:2417,0
DA:2419,0
DA:2421,0
DA:2422,0
DA:2432,0
DA:2433,0
DA:2434,0
DA:2439,0
DA:2442,0
DA:2443,0
DA:2444,0
DA:2447,0
DA:2448,0
DA:2450,0
DA:2451,0
DA:2452,0
DA:2453,0
DA:2454,0
DA:2459,0
DA:2460,0
DA:2464,0
DA:2465,0
DA:2466,0
DA:2467,0
DA:2469,0
DA:2470,0
DA:2471,0
DA:2472,0
DA:2473,0
DA:2475,0
DA:2478,0
DA:2484,0
DA:2492,0
DA:2493,0
DA:2494,0
DA:2495,0
DA:2496,0
DA:2498,0
DA:2503,0
DA:2504,0
DA:2506,0
DA:2507,0
DA:2510,0
DA:2511,0
DA:2513,0
DA:2514,0
DA:2516,0
DA:2517,0
DA:2518,0
DA:2519,0
DA:2521,0
DA:2524,0
DA:2526,0
DA:2531,0
DA:2532,0
DA:2533,0
DA:2534,0
DA:2535,0
DA:2537,0
DA:2542,0
DA:2543,0
DA:2544,0
DA:2545,0
DA:2546,0
DA:2548,0
DA:2553,0
DA:2554,0
DA:2555,0
DA:2556,0
DA:2557,0
DA:2559,0
DA:2564,0
DA:2565,0
DA:2566,0
DA:2567,0
DA:2568,0
DA:2570,0
DA:2575,0
DA:2576,0
DA:2577,0
DA:2578,0
DA:2580,0
DA:2581,0
DA:2582,0
DA:2586,0
DA:2587,0
DA:2588,0
DA:2589,0
DA:2592,0
DA:2597,0
DA:2598,0
LF:1315
LH:0
BRDA:106,0,0,0
BRDA:106,0,1,0
BRDA:109,1,0,0
BRDA:109,1,1,0
BRDA:131,2,0,0
BRDA:131,2,1,0
BRDA:139,3,0,0
BRDA:139,3,1,0
BRDA:202,4,0,0
BRDA:202,4,1,0
BRDA:202,5,0,0
BRDA:202,5,1,0
BRDA:225,6,0,0
BRDA:225,6,1,0
BRDA:264,7,0,0
BRDA:264,7,1,0
BRDA:302,8,0,0
BRDA:302,8,1,0
BRDA:310,9,0,0
BRDA:310,9,1,0
BRDA:310,10,0,0
BRDA:310,10,1,0
BRDA:337,11,0,0
BRDA:337,11,1,0
BRDA:354,12,0,0
BRDA:354,12,1,0
BRDA:370,13,0,0
BRDA:370,13,1,0
BRDA:370,13,2,0
BRDA:370,13,3,0
BRDA:375,14,0,0
BRDA:375,14,1,0
BRDA:378,15,0,0
BRDA:378,15,1,0
BRDA:379,16,0,0
BRDA:379,16,1,0
BRDA:395,17,0,0
BRDA:395,17,1,0
BRDA:451,18,0,0
BRDA:451,18,1,0
BRDA:459,19,0,0
BRDA:459,19,1,0
BRDA:460,20,0,0
BRDA:460,20,1,0
BRDA:467,21,0,0
BRDA:467,21,1,0
BRDA:496,22,0,0
BRDA:496,22,1,0
BRDA:496,23,0,0
BRDA:496,23,1,0
BRDA:499,24,0,0
BRDA:499,24,1,0
BRDA:499,25,0,0
BRDA:499,25,1,0
BRDA:517,26,0,0
BRDA:517,26,1,0
BRDA:523,27,0,0
BRDA:523,27,1,0
BRDA:526,28,0,0
BRDA:526,28,1,0
BRDA:598,29,0,0
BRDA:598,29,1,0
BRDA:607,30,0,0
BRDA:607,30,1,0
BRDA:607,31,0,0
BRDA:607,31,1,0
BRDA:611,32,0,0
BRDA:611,32,1,0
BRDA:618,33,0,0
BRDA:618,33,1,0
BRDA:622,34,0,0
BRDA:622,34,1,0
BRDA:624,35,0,0
BRDA:624,35,1,0
BRDA:705,36,0,0
BRDA:705,36,1,0
BRDA:722,37,0,0
BRDA:722,37,1,0
BRDA:739,38,0,0
BRDA:739,38,1,0
BRDA:806,39,0,0
BRDA:806,39,1,0
BRDA:806,39,2,0
BRDA:810,40,0,0
BRDA:810,40,1,0
BRDA:810,41,0,0
BRDA:810,41,1,0
BRDA:812,42,0,0
BRDA:812,42,1,0
BRDA:815,43,0,0
BRDA:815,43,1,0
BRDA:815,44,0,0
BRDA:815,44,1,0
BRDA:816,45,0,0
BRDA:816,45,1,0
BRDA:828,46,0,0
BRDA:828,46,1,0
BRDA:829,47,0,0
BRDA:829,47,1,0
BRDA:829,47,2,0
BRDA:830,48,0,0
BRDA:830,48,1,0
BRDA:831,49,0,0
BRDA:831,49,1,0
BRDA:842,50,0,0
BRDA:842,50,1,0
BRDA:860,51,0,0
BRDA:860,51,1,0
BRDA:864,52,0,0
BRDA:864,52,1,0
BRDA:878,53,0,0
BRDA:878,53,1,0
BRDA:880,54,0,0
BRDA:880,54,1,0
BRDA:881,55,0,0
BRDA:881,55,1,0
BRDA:890,56,0,0
BRDA:890,56,1,0
BRDA:890,56,2,0
BRDA:891,57,0,0
BRDA:891,57,1,0
BRDA:891,57,2,0
BRDA:892,58,0,0
BRDA:892,58,1,0
BRDA:899,59,0,0
BRDA:899,59,1,0
BRDA:899,60,0,0
BRDA:899,60,1,0
BRDA:902,61,0,0
BRDA:902,61,1,0
BRDA:902,62,0,0
BRDA:902,62,1,0
BRDA:925,63,0,0
BRDA:925,63,1,0
BRDA:925,64,0,0
BRDA:925,64,1,0
BRDA:925,64,2,0
BRDA:940,65,0,0
BRDA:940,65,1,0
BRDA:940,66,0,0
BRDA:940,66,1,0
BRDA:942,67,0,0
BRDA:942,67,1,0
BRDA:945,68,0,0
BRDA:945,68,1,0
BRDA:950,69,0,0
BRDA:950,69,1,0
BRDA:959,70,0,0
BRDA:959,70,1,0
BRDA:970,71,0,0
BRDA:970,71,1,0
BRDA:979,72,0,0
BRDA:979,72,1,0
BRDA:984,73,0,0
BRDA:984,73,1,0
BRDA:1011,74,0,0
BRDA:1011,74,1,0
BRDA:1013,75,0,0
BRDA:1013,75,1,0
BRDA:1016,76,0,0
BRDA:1016,76,1,0
BRDA:1016,76,2,0
BRDA:1017,77,0,0
BRDA:1017,77,1,0
BRDA:1017,77,2,0
BRDA:1018,78,0,0
BRDA:1018,78,1,0
BRDA:1023,79,0,0
BRDA:1023,79,1,0
BRDA:1035,80,0,0
BRDA:1035,80,1,0
BRDA:1035,81,0,0
BRDA:1035,81,1,0
BRDA:1037,82,0,0
BRDA:1037,82,1,0
BRDA:1040,83,0,0
BRDA:1040,83,1,0
BRDA:1044,84,0,0
BRDA:1044,84,1,0
BRDA:1055,85,0,0
BRDA:1055,85,1,0
BRDA:1060,86,0,0
BRDA:1060,86,1,0
BRDA:1063,87,0,0
BRDA:1063,87,1,0
BRDA:1063,88,0,0
BRDA:1063,88,1,0
BRDA:1067,89,0,0
BRDA:1067,89,1,0
BRDA:1070,90,0,0
BRDA:1070,90,1,0
BRDA:1073,91,0,0
BRDA:1073,91,1,0
BRDA:1100,92,0,0
BRDA:1100,92,1,0
BRDA:1108,93,0,0
BRDA:1108,93,1,0
BRDA:1237,94,0,0
BRDA:1237,94,1,0
BRDA:1247,95,0,0
BRDA:1247,95,1,0
BRDA:1247,96,0,0
BRDA:1247,96,1,0
BRDA:1267,97,0,0
BRDA:1267,97,1,0
BRDA:1267,98,0,0
BRDA:1267,98,1,0
BRDA:1267,98,2,0
BRDA:1270,99,0,0
BRDA:1270,99,1,0
BRDA:1270,100,0,0
BRDA:1270,100,1,0
BRDA:1271,101,0,0
BRDA:1271,101,1,0
BRDA:1271,102,0,0
BRDA:1271,102,1,0
BRDA:1275,103,0,0
BRDA:1275,103,1,0
BRDA:1275,104,0,0
BRDA:1275,104,1,0
BRDA:1282,105,0,0
BRDA:1282,105,1,0
BRDA:1284,106,0,0
BRDA:1284,106,1,0
BRDA:1284,107,0,0
BRDA:1284,107,1,0
BRDA:1285,108,0,0
BRDA:1285,108,1,0
BRDA:1285,109,0,0
BRDA:1285,109,1,0
BRDA:1286,110,0,0
BRDA:1286,110,1,0
BRDA:1286,111,0,0
BRDA:1286,111,1,0
BRDA:1287,112,0,0
BRDA:1287,112,1,0
BRDA:1287,113,0,0
BRDA:1287,113,1,0
BRDA:1297,114,0,0
BRDA:1297,114,1,0
BRDA:1297,115,0,0
BRDA:1297,115,1,0
BRDA:1297,115,2,0
BRDA:1297,115,3,0
BRDA:1320,116,0,0
BRDA:1320,116,1,0
BRDA:1320,117,0,0
BRDA:1320,117,1,0
BRDA:1320,117,2,0
BRDA:1348,118,0,0
BRDA:1348,118,1,0
BRDA:1354,119,0,0
BRDA:1354,119,1,0
BRDA:1354,120,0,0
BRDA:1354,120,1,0
BRDA:1361,121,0,0
BRDA:1361,121,1,0
BRDA:1361,121,2,0
BRDA:1365,122,0,0
BRDA:1365,122,1,0
BRDA:1378,123,0,0
BRDA:1378,123,1,0
BRDA:1380,124,0,0
BRDA:1380,124,1,0
BRDA:1381,125,0,0
BRDA:1381,125,1,0
BRDA:1403,126,0,0
BRDA:1403,126,1,0
BRDA:1403,127,0,0
BRDA:1403,127,1,0
BRDA:1407,128,0,0
BRDA:1407,128,1,0
BRDA:1409,129,0,0
BRDA:1409,129,1,0
BRDA:1410,130,0,0
BRDA:1410,130,1,0
BRDA:1411,131,0,0
BRDA:1411,131,1,0
BRDA:1422,132,0,0
BRDA:1422,132,1,0
BRDA:1422,132,2,0
BRDA:1455,133,0,0
BRDA:1455,133,1,0
BRDA:1455,134,0,0
BRDA:1455,134,1,0
BRDA:1455,134,2,0
BRDA:1455,134,3,0
BRDA:1458,135,0,0
BRDA:1458,135,1,0
BRDA:1458,136,0,0
BRDA:1458,136,1,0
BRDA:1458,136,2,0
BRDA:1476,137,0,0
BRDA:1476,137,1,0
BRDA:1483,138,0,0
BRDA:1483,138,1,0
BRDA:1483,139,0,0
BRDA:1483,139,1,0
BRDA:1483,139,2,0
BRDA:1497,140,0,0
BRDA:1497,140,1,0
BRDA:1505,141,0,0
BRDA:1505,141,1,0
BRDA:1518,142,0,0
BRDA:1518,142,1,0
BRDA:1526,143,0,0
BRDA:1526,143,1,0
BRDA:1532,144,0,0
BRDA:1532,144,1,0
BRDA:1532,145,0,0
BRDA:1532,145,1,0
BRDA:1532,145,2,0
BRDA:1537,146,0,0
BRDA:1537,146,1,0
BRDA:1537,147,0,0
BRDA:1537,147,1,0
BRDA:1537,147,2,0
BRDA:1540,148,0,0
BRDA:1540,148,1,0
BRDA:1540,149,0,0
BRDA:1540,149,1,0
BRDA:1542,150,0,0
BRDA:1542,150,1,0
BRDA:1586,151,0,0
BRDA:1586,151,1,0
BRDA:1598,152,0,0
BRDA:1598,152,1,0
BRDA:1610,153,0,0
BRDA:1610,153,1,0
BRDA:1610,154,0,0
BRDA:1610,154,1,0
BRDA:1610,154,2,0
BRDA:1621,155,0,0
BRDA:1621,155,1,0
BRDA:1633,156,0,0
BRDA:1633,156,1,0
BRDA:1644,157,0,0
BRDA:1644,157,1,0
BRDA:1644,158,0,0
BRDA:1644,158,1,0
BRDA:1661,159,0,0
BRDA:1661,159,1,0
BRDA:1661,160,0,0
BRDA:1661,160,1,0
BRDA:1668,161,0,0
BRDA:1668,161,1,0
BRDA:1668,162,0,0
BRDA:1668,162,1,0
BRDA:1676,163,0,0
BRDA:1676,163,1,0
BRDA:1677,164,0,0
BRDA:1677,164,1,0
BRDA:1682,165,0,0
BRDA:1682,165,1,0
BRDA:1682,166,0,0
BRDA:1682,166,1,0
BRDA:1684,167,0,0
BRDA:1684,167,1,0
BRDA:1684,168,0,0
BRDA:1684,168,1,0
BRDA:1706,169,0,0
BRDA:1706,169,1,0
BRDA:1716,170,0,0
BRDA:1716,170,1,0
BRDA:1732,171,0,0
BRDA:1732,171,1,0
BRDA:1748,172,0,0
BRDA:1748,172,1,0
BRDA:1748,173,0,0
BRDA:1748,173,1,0
BRDA:1766,174,0,0
BRDA:1766,174,1,0
BRDA:1766,175,0,0
BRDA:1766,175,1,0
BRDA:1781,176,0,0
BRDA:1781,176,1,0
BRDA:1796,177,0,0
BRDA:1796,177,1,0
BRDA:1823,178,0,0
BRDA:1823,178,1,0
BRDA:1823,179,0,0
BRDA:1823,179,1,0
BRDA:1823,179,2,0
BRDA:1841,180,0,0
BRDA:1841,180,1,0
BRDA:1844,181,0,0
BRDA:1844,181,1,0
BRDA:1844,181,2,0
BRDA:1845,182,0,0
BRDA:1845,182,1,0
BRDA:1849,183,0,0
BRDA:1849,183,1,0
BRDA:1849,184,0,0
BRDA:1849,184,1,0
BRDA:1852,185,0,0
BRDA:1852,185,1,0
BRDA:1852,186,0,0
BRDA:1852,186,1,0
BRDA:1870,187,0,0
BRDA:1870,187,1,0
BRDA:1877,188,0,0
BRDA:1877,188,1,0
BRDA:1882,189,0,0
BRDA:1882,189,1,0
BRDA:1900,190,0,0
BRDA:1900,190,1,0
BRDA:1900,191,0,0
BRDA:1900,191,1,0
BRDA:1907,192,0,0
BRDA:1907,192,1,0
BRDA:1907,193,0,0
BRDA:1907,193,1,0
BRDA:1932,194,0,0
BRDA:1932,194,1,0
BRDA:1936,195,0,0
BRDA:1936,195,1,0
BRDA:1936,196,0,0
BRDA:1936,196,1,0
BRDA:1953,197,0,0
BRDA:1953,197,1,0
BRDA:1957,198,0,0
BRDA:1957,198,1,0
BRDA:1957,199,0,0
BRDA:1957,199,1,0
BRDA:1969,200,0,0
BRDA:1969,200,1,0
BRDA:1969,201,0,0
BRDA:1969,201,1,0
BRDA:1973,202,0,0
BRDA:1973,202,1,0
BRDA:1973,203,0,0
BRDA:1973,203,1,0
BRDA:1994,204,0,0
BRDA:1994,204,1,0
BRDA:2004,205,0,0
BRDA:2004,205,1,0
BRDA:2019,206,0,0
BRDA:2019,206,1,0
BRDA:2040,207,0,0
BRDA:2040,207,1,0
BRDA:2042,208,0,0
BRDA:2042,208,1,0
BRDA:2042,209,0,0
BRDA:2042,209,1,0
BRDA:2046,210,0,0
BRDA:2046,210,1,0
BRDA:2052,211,0,0
BRDA:2052,211,1,0
BRDA:2062,212,0,0
BRDA:2062,212,1,0
BRDA:2064,213,0,0
BRDA:2064,213,1,0
BRDA:2071,214,0,0
BRDA:2071,214,1,0
BRDA:2071,215,0,0
BRDA:2071,215,1,0
BRDA:2083,216,0,0
BRDA:2083,216,1,0
BRDA:2083,217,0,0
BRDA:2083,217,1,0
BRDA:2096,218,0,0
BRDA:2096,218,1,0
BRDA:2096,219,0,0
BRDA:2096,219,1,0
BRDA:2096,219,2,0
BRDA:2103,220,0,0
BRDA:2103,220,1,0
BRDA:2126,221,0,0
BRDA:2126,221,1,0
BRDA:2131,222,0,0
BRDA:2131,222,1,0
BRDA:2136,223,0,0
BRDA:2136,223,1,0
BRDA:2142,224,0,0
BRDA:2142,224,1,0
BRDA:2142,224,2,0
BRDA:2145,225,0,0
BRDA:2145,225,1,0
BRDA:2148,226,0,0
BRDA:2148,226,1,0
BRDA:2148,227,0,0
BRDA:2148,227,1,0
BRDA:2154,228,0,0
BRDA:2154,228,1,0
BRDA:2159,229,0,0
BRDA:2159,229,1,0
BRDA:2165,230,0,0
BRDA:2165,230,1,0
BRDA:2165,230,2,0
BRDA:2166,231,0,0
BRDA:2166,231,1,0
BRDA:2169,232,0,0
BRDA:2169,232,1,0
BRDA:2169,233,0,0
BRDA:2169,233,1,0
BRDA:2175,234,0,0
BRDA:2175,234,1,0
BRDA:2178,235,0,0
BRDA:2178,235,1,0
BRDA:2178,235,2,0
BRDA:2181,236,0,0
BRDA:2181,236,1,0
BRDA:2181,237,0,0
BRDA:2181,237,1,0
BRDA:2195,238,0,0
BRDA:2195,238,1,0
BRDA:2210,239,0,0
BRDA:2210,239,1,0
BRDA:2210,240,0,0
BRDA:2210,240,1,0
BRDA:2223,241,0,0
BRDA:2223,241,1,0
BRDA:2223,242,0,0
BRDA:2223,242,1,0
BRDA:2223,242,2,0
BRDA:2230,243,0,0
BRDA:2230,243,1,0
BRDA:2252,244,0,0
BRDA:2252,244,1,0
BRDA:2252,245,0,0
BRDA:2252,245,1,0
BRDA:2255,246,0,0
BRDA:2255,246,1,0
BRDA:2265,247,0,0
BRDA:2265,247,1,0
BRDA:2280,248,0,0
BRDA:2280,248,1,0
BRDA:2285,249,0,0
BRDA:2285,249,1,0
BRDA:2300,250,0,0
BRDA:2300,250,1,0
BRDA:2321,251,0,0
BRDA:2321,251,1,0
BRDA:2327,252,0,0
BRDA:2327,252,1,0
BRDA:2337,253,0,0
BRDA:2337,253,1,0
BRDA:2347,254,0,0
BRDA:2347,254,1,0
BRDA:2347,255,0,0
BRDA:2347,255,1,0
BRDA:2360,256,0,0
BRDA:2360,256,1,0
BRDA:2378,257,0,0
BRDA:2378,257,1,0
BRDA:2416,258,0,0
BRDA:2416,258,1,0
BRDA:2447,259,0,0
BRDA:2447,259,1,0
BRDA:2451,260,0,0
BRDA:2451,260,1,0
BRDA:2465,261,0,0
BRDA:2465,261,1,0
BRDA:2469,262,0,0
BRDA:2469,262,1,0
BRDA:2503,263,0,0
BRDA:2513,264,0,0
BRDA:2513,264,1,0
BRDA:2513,264,2,0
BRDA:2531,265,0,0
BRDA:2581,266,0,0
BRDA:2581,266,1,0
BRDA:2586,267,0,0
BRDA:2586,267,1,0
BRF:564
BRH:0
end_of_record
TN:
SF:src/constants/animations.ts
FNF:0
FNH:0
DA:2,0
DA:9,0
DA:16,0
DA:43,0
DA:70,0
DA:77,0
DA:86,0
LF:7
LH:0
BRF:0
BRH:0
end_of_record
TN:
SF:src/core/dependency-injection.ts
FN:14,(anonymous_0)
FN:18,(anonymous_1)
FN:22,(anonymous_2)
FN:55,(anonymous_3)
FN:56,(anonymous_4)
FN:59,(anonymous_5)
FN:60,(anonymous_6)
FN:68,(anonymous_7)
FN:72,(anonymous_8)
FNF:9
FNH:0
FNDA:0,(anonymous_0)
FNDA:0,(anonymous_1)
FNDA:0,(anonymous_2)
FNDA:0,(anonymous_3)
FNDA:0,(anonymous_4)
FNDA:0,(anonymous_5)
FNDA:0,(anonymous_6)
FNDA:0,(anonymous_7)
FNDA:0,(anonymous_8)
DA:15,0
DA:16,0
DA:19,0
DA:24,0
DA:25,0
DA:28,0
DA:29,0
DA:30,0
DA:35,0
DA:36,0
DA:37,0
DA:38,0
DA:39,0
DA:40,0
DA:41,0
DA:42,0
DA:44,0
DA:48,0
DA:49,0
DA:52,0
DA:56,0
DA:60,0
DA:61,0
DA:69,0
DA:73,0
DA:74,0
DA:79,0
DA:82,0
LF:28
LH:0
BRDA:24,0,0,0
BRDA:24,0,1,0
BRDA:29,1,0,0
BRDA:29,1,1,0
BRDA:35,2,0,0
BRDA:35,2,1,0
BRDA:37,3,0,0
BRDA:37,3,1,0
BRDA:38,4,0,0
BRDA:38,4,1,0
BRDA:40,5,0,0
BRDA:40,5,1,0
BRDA:41,6,0,0
BRDA:41,6,1,0
BRDA:48,7,0,0
BRDA:48,7,1,0
BRF:16
BRH:0
end_of_record
TN:
SF:src/core/enhanced-memory-manager.ts
FN:79,(anonymous_0)
FN:110,(anonymous_1)
FN:122,(anonymous_2)
FN:123,(anonymous_3)
FN:162,(anonymous_4)
FN:171,(anonymous_5)
FN:172,(anonymous_6)
FN:192,(anonymous_7)
FN:210,(anonymous_8)
FN:216,(anonymous_9)
FN:222,(anonymous_10)
FN:238,(anonymous_11)
FN:258,(anonymous_12)
FN:263,(anonymous_13)
FN:282,(anonymous_14)
FN:301,(anonymous_15)
FN:323,(anonymous_16)
FN:339,(anonymous_17)
FN:351,(anonymous_18)
FN:366,(anonymous_19)
FN:377,(anonymous_20)
FN:394,(anonymous_21)
FN:411,(anonymous_22)
FN:436,(anonymous_23)
FN:457,(anonymous_24)
FN:487,(anonymous_25)
FN:511,(anonymous_26)
FN:532,(anonymous_27)
FN:548,(anonymous_28)
FN:560,(anonymous_29)
FN:569,(anonymous_30)
FN:588,(anonymous_31)
FN:592,(anonymous_32)
FN:600,(anonymous_33)
FN:614,(anonymous_34)
FNF:35
FNH:0
FNDA:0,(anonymous_0)
FNDA:0,(anonymous_1)
FNDA:0,(anonymous_2)
FNDA:0,(anonymous_3)
FNDA:0,(anonymous_4)
FNDA:0,(anonymous_5)
FNDA:0,(anonymous_6)
FNDA:0,(anonymous_7)
FNDA:0,(anonymous_8)
FNDA:0,(anonymous_9)
FNDA:0,(anonymous_10)
FNDA:0,(anonymous_11)
FNDA:0,(anonymous_12)
FNDA:0,(anonymous_13)
FNDA:0,(anonymous_14)
FNDA:0,(anonymous_15)
FNDA:0,(anonymous_16)
FNDA:0,(anonymous_17)
FNDA:0,(anonymous_18)
FNDA:0,(anonymous_19)
FNDA:0,(anonymous_20)
FNDA:0,(anonymous_21)
FNDA:0,(anonymous_22)
FNDA:0,(anonymous_23)
FNDA:0,(anonymous_24)
FNDA:0,(anonymous_25)
FNDA:0,(anonymous_26)
FNDA:0,(anonymous_27)
FNDA:0,(anonymous_28)
FNDA:0,(anonymous_29)
FNDA:0,(anonymous_30)
FNDA:0,(anonymous_31)
FNDA:0,(anonymous_32)
FNDA:0,(anonymous_33)
FNDA:0,(anonymous_34)
DA:5,0
DA:6,0
DA:48,0
DA:49,0
DA:50,0
DA:53,0
DA:54,0
DA:57,0
DA:58,0
DA:61,0
DA:64,0
DA:65,0
DA:66,0
DA:69,0
DA:80,0
DA:81,0
DA:82,0
DA:84,0
DA:85,0
DA:87,0
DA:88,0
DA:90,0
DA:92,0
DA:93,0
DA:94,0
DA:97,0
DA:100,0
DA:103,0
DA:111,0
DA:112,0
DA:113,0
DA:116,0
DA:117,0
DA:118,0
DA:119,0
DA:123,0
DA:124,0
DA:126,0
DA:129,0
DA:130,0
DA:131,0
DA:132,0
DA:135,0
DA:136,0
DA:137,0
DA:140,0
DA:141,0
DA:142,0
DA:145,0
DA:146,0
DA:147,0
DA:152,0
DA:153,0
DA:163,0
DA:164,0
DA:165,0
DA:166,0
DA:168,0
DA:171,0
DA:172,0
DA:173,0
DA:174,0
DA:177,0
DA:178,0
DA:188,0
DA:192,0
DA:193,0
DA:195,0
DA:196,0
DA:206,0
DA:210,0
DA:211,0
DA:212,0
DA:216,0
DA:217,0
DA:218,0
DA:223,0
DA:224,0
DA:227,0
DA:228,0
DA:229,0
DA:230,0
DA:231,0
DA:235,0
DA:240,0
DA:241,0
DA:243,0
DA:246,0
DA:247,0
DA:249,0
DA:251,0
DA:259,0
DA:260,0
DA:261,0
DA:263,0
DA:268,0
DA:270,0
DA:271,0
DA:272,0
DA:282,0
DA:287,0
DA:289,0
DA:291,0
DA:292,0
DA:293,0
DA:294,0
DA:302,0
DA:303,0
DA:305,0
DA:307,0
DA:308,0
DA:309,0
DA:310,0
DA:311,0
DA:314,0
DA:315,0
DA:320,0
DA:324,0
DA:325,0
DA:326,0
DA:331,0
DA:332,0
DA:340,0
DA:341,0
DA:342,0
DA:345,0
DA:346,0
DA:347,0
DA:348,0
DA:351,0
DA:352,0
DA:354,0
DA:355,0
DA:356,0
DA:364,0
DA:365,0
DA:366,0
DA:367,0
DA:368,0
DA:373,0
DA:377,0
DA:378,0
DA:380,0
DA:381,0
DA:382,0
DA:390,0
DA:394,0
DA:395,0
DA:397,0
DA:398,0
DA:399,0
DA:407,0
DA:412,0
DA:413,0
DA:415,0
DA:417,0
DA:418,0
DA:419,0
DA:420,0
DA:422,0
DA:424,0
DA:425,0
DA:428,0
DA:433,0
DA:437,0
DA:438,0
DA:439,0
DA:440,0
DA:442,0
DA:448,0
DA:449,0
DA:450,0
DA:458,0
DA:460,0
DA:461,0
DA:462,0
DA:465,0
DA:466,0
DA:467,0
DA:469,0
DA:474,0
DA:475,0
DA:476,0
DA:477,0
DA:479,0
DA:483,0
DA:484,0
DA:488,0
DA:490,0
DA:491,0
DA:492,0
DA:495,0
DA:496,0
DA:497,0
DA:499,0
DA:503,0
DA:504,0
DA:512,0
DA:516,0
DA:529,0
DA:533,0
DA:534,0
DA:535,0
DA:536,0
DA:540,0
DA:550,0
DA:551,0
DA:552,0
DA:553,0
DA:557,0
DA:561,0
DA:562,0
DA:563,0
DA:564,0
DA:566,0
DA:570,0
DA:571,0
DA:573,0
DA:589,0
DA:593,0
DA:601,0
DA:603,0
DA:605,0
DA:606,0
DA:607,0
DA:610,0
DA:611,0
DA:615,0
DA:616,0
DA:617,0
DA:618,0
DA:623,0
DA:626,0
DA:627,0
DA:630,0
DA:631,0
LF:236
LH:0
BRDA:111,0,0,0
BRDA:111,0,1,0
BRDA:124,1,0,0
BRDA:124,1,1,0
BRDA:129,2,0,0
BRDA:129,2,1,0
BRDA:130,3,0,0
BRDA:130,3,1,0
BRDA:135,4,0,0
BRDA:135,4,1,0
BRDA:140,5,0,0
BRDA:140,5,1,0
BRDA:145,6,0,0
BRDA:145,6,1,0
BRDA:152,7,0,0
BRDA:152,7,1,0
BRDA:177,8,0,0
BRDA:177,8,1,0
BRDA:195,9,0,0
BRDA:195,9,1,0
BRDA:228,10,0,0
BRDA:228,10,1,0
BRDA:270,11,0,0
BRDA:270,11,1,0
BRDA:276,12,0,0
BRDA:276,12,1,0
BRDA:289,13,0,0
BRDA:289,13,1,0
BRDA:292,14,0,0
BRDA:292,14,1,0
BRDA:292,15,0,0
BRDA:292,15,1,0
BRDA:292,15,2,0
BRDA:307,16,0,0
BRDA:307,16,1,0
BRDA:340,17,0,0
BRDA:340,17,1,0
BRDA:354,18,0,0
BRDA:354,18,1,0
BRDA:364,19,0,0
BRDA:364,19,1,0
BRDA:364,20,0,0
BRDA:364,20,1,0
BRDA:368,21,0,0
BRDA:368,21,1,0
BRDA:380,22,0,0
BRDA:380,22,1,0
BRDA:397,23,0,0
BRDA:397,23,1,0
BRDA:417,24,0,0
BRDA:417,24,1,0
BRDA:419,25,0,0
BRDA:419,25,1,0
BRDA:419,26,0,0
BRDA:419,26,1,0
BRDA:439,27,0,0
BRDA:439,27,1,0
BRDA:439,28,0,0
BRDA:439,28,1,0
BRDA:474,29,0,0
BRDA:474,29,1,0
BRDA:512,30,0,0
BRDA:512,30,1,0
BRDA:536,31,0,0
BRDA:536,31,1,0
BRDA:541,32,0,0
BRDA:541,32,1,0
BRDA:541,32,2,0
BRDA:541,32,3,0
BRDA:553,33,0,0
BRDA:553,33,1,0
BRDA:580,34,0,0
BRDA:580,34,1,0
BRDA:601,35,0,0
BRDA:601,35,1,0
BRDA:605,36,0,0
BRDA:605,36,1,0
BRDA:630,37,0,0
BRDA:630,37,1,0
BRF:79
BRH:0
end_of_record
TN:
SF:src/core/event-bus.ts
FN:4,(anonymous_0)
FN:7,(anonymous_1)
FN:14,(anonymous_2)
FN:24,(anonymous_3)
FN:28,(anonymous_4)
FN:37,(anonymous_5)
FN:38,(anonymous_6)
FN:45,(anonymous_7)
FN:53,(anonymous_8)
FNF:9
FNH:3
FNDA:1,(anonymous_0)
FNDA:5,(anonymous_1)
FNDA:0,(anonymous_2)
FNDA:1,(anonymous_3)
FNDA:0,(anonymous_4)
FNDA:0,(anonymous_5)
FNDA:0,(anonymous_6)
FNDA:0,(anonymous_7)
FNDA:0,(anonymous_8)
DA:5,1
DA:8,5
DA:9,5
DA:11,5
DA:15,0
DA:17,0
DA:18,0
DA:19,0
DA:20,0
DA:25,1
DA:27,0
DA:28,0
DA:29,0
DA:30,0
DA:32,0
DA:38,0
DA:39,0
DA:40,0
DA:42,0
DA:46,0
DA:47,0
DA:49,0
DA:54,0
DA:59,1
DA:62,1
LF:25
LH:7
BRDA:8,0,0,5
BRDA:8,0,1,0
BRDA:15,1,0,0
BRDA:15,1,1,0
BRDA:19,2,0,0
BRDA:19,2,1,0
BRDA:25,3,0,1
BRDA:25,3,1,0
BRDA:46,4,0,0
BRDA:46,4,1,0
BRF:10
BRH:2
end_of_record
TN:
SF:src/core/logger.ts
FN:4,(anonymous_0)
FN:33,(anonymous_1)
FN:38,(anonymous_2)
FN:42,(anonymous_3)
FN:52,(anonymous_4)
FN:94,(anonymous_5)
FN:98,(anonymous_6)
FN:102,(anonymous_7)
FN:106,(anonymous_8)
FN:110,(anonymous_9)
FN:114,(anonymous_10)
FN:122,(anonymous_11)
FN:126,(anonymous_12)
FN:137,(anonymous_13)
FN:145,(anonymous_14)
FN:180,(anonymous_15)
FN:192,(anonymous_16)
FN:198,(anonymous_17)
FN:203,(anonymous_18)
FN:208,(anonymous_19)
FN:210,(anonymous_20)
FN:220,(anonymous_21)
FN:222,(anonymous_22)
FN:233,(anonymous_23)
FN:237,(anonymous_24)
FNF:25
FNH:7
FNDA:2,(anonymous_0)
FNDA:2,(anonymous_1)
FNDA:58,(anonymous_2)
FNDA:0,(anonymous_3)
FNDA:58,(anonymous_4)
FNDA:50,(anonymous_5)
FNDA:8,(anonymous_6)
FNDA:0,(anonymous_7)
FNDA:0,(anonymous_8)
FNDA:0,(anonymous_9)
FNDA:0,(anonymous_10)
FNDA:0,(anonymous_11)
FNDA:0,(anonymous_12)
FNDA:0,(anonymous_13)
FNDA:2,(anonymous_14)
FNDA:0,(anonymous_15)
FNDA:0,(anonymous_16)
FNDA:0,(anonymous_17)
FNDA:0,(anonymous_18)
FNDA:0,(anonymous_19)
FNDA:0,(anonymous_20)
FNDA:0,(anonymous_21)
FNDA:0,(anonymous_22)
FNDA:0,(anonymous_23)
FNDA:0,(anonymous_24)
DA:4,2
DA:5,2
DA:6,2
DA:7,2
DA:8,2
DA:9,2
DA:29,2
DA:30,2
DA:31,2
DA:34,2
DA:35,2
DA:39,58
DA:43,0
DA:53,58
DA:55,0
DA:58,0
DA:61,0
DA:62,0
DA:66,0
DA:67,0
DA:68,0
DA:69,0
DA:71,0
DA:73,0
DA:74,0
DA:76,0
DA:77,0
DA:79,0
DA:80,0
DA:83,0
DA:84,0
DA:89,0
DA:90,0
DA:95,50
DA:99,8
DA:103,0
DA:107,0
DA:111,0
DA:115,0
DA:116,0
DA:123,0
DA:127,0
DA:128,0
DA:129,0
DA:130,0
DA:138,0
DA:145,2
DA:146,2
DA:150,2
DA:151,0
DA:152,0
DA:153,0
DA:154,0
DA:155,0
DA:156,0
DA:161,2
DA:164,2
DA:173,2
DA:177,2
DA:178,2
DA:181,0
DA:188,0
DA:189,0
DA:193,0
DA:194,0
DA:195,0
DA:199,0
DA:200,0
DA:204,0
DA:205,0
DA:209,0
DA:210,0
DA:211,0
DA:212,0
DA:213,0
DA:214,0
DA:215,0
DA:219,0
DA:220,0
DA:221,0
DA:223,0
DA:224,0
DA:227,0
DA:228,0
DA:230,0
DA:234,0
DA:238,0
DA:239,0
DA:244,2
LF:89
LH:24
BRDA:4,0,0,2
BRDA:4,0,1,2
BRDA:47,1,0,0
BRDA:47,1,1,0
BRDA:53,2,0,58
BRDA:53,2,1,0
BRDA:61,3,0,0
BRDA:61,3,1,0
BRDA:66,4,0,0
BRDA:66,4,1,0
BRDA:66,5,0,0
BRDA:66,5,1,0
BRDA:69,6,0,0
BRDA:69,6,1,0
BRDA:71,7,0,0
BRDA:71,7,1,0
BRDA:71,7,2,0
BRDA:71,7,3,0
BRDA:71,7,4,0
BRDA:73,8,0,0
BRDA:73,8,1,0
BRDA:76,9,0,0
BRDA:76,9,1,0
BRDA:79,10,0,0
BRDA:79,10,1,0
BRDA:83,11,0,0
BRDA:83,11,1,0
BRDA:89,12,0,0
BRDA:89,12,1,0
BRDA:128,13,0,0
BRDA:128,13,1,0
BRDA:146,14,0,2
BRDA:146,14,1,0
BRDA:150,15,0,0
BRDA:150,15,1,2
BRDA:152,16,0,0
BRDA:152,16,1,0
BRDA:153,17,0,0
BRDA:153,17,1,0
BRDA:154,18,0,0
BRDA:154,18,1,0
BRDA:155,19,0,0
BRDA:155,19,1,0
BRDA:156,20,0,0
BRDA:156,20,1,0
BRDA:177,21,0,2
BRDA:177,21,1,0
BRDA:188,22,0,0
BRDA:188,22,1,0
BRDA:195,23,0,0
BRDA:195,23,1,0
BRDA:209,24,0,0
BRDA:209,24,1,0
BRDA:213,25,0,0
BRDA:213,25,1,0
BRDA:214,26,0,0
BRDA:214,26,1,0
BRDA:219,27,0,0
BRDA:219,27,1,0
BRDA:234,28,0,0
BRDA:234,28,1,0
BRF:61
BRH:6
end_of_record
TN:
SF:src/core/service-registry.ts
FN:50,(anonymous_0)
FN:51,(anonymous_1)
FN:52,(anonymous_2)
FN:53,(anonymous_3)
FN:54,(anonymous_4)
FN:57,initializeServices
FN:73,cleanupServices
FNF:7
FNH:0
FNDA:0,(anonymous_0)
FNDA:0,(anonymous_1)
FNDA:0,(anonymous_2)
FNDA:0,(anonymous_3)
FNDA:0,(anonymous_4)
FNDA:0,initializeServices
FNDA:0,cleanupServices
DA:2,0
DA:3,0
DA:4,0
DA:5,0
DA:6,0
DA:7,0
DA:10,0
DA:15,0
DA:21,0
DA:26,0
DA:31,0
DA:37,0
DA:42,0
DA:50,0
DA:51,0
DA:52,0
DA:53,0
DA:54,0
DA:57,0
DA:58,0
DA:60,0
DA:61,0
DA:62,0
DA:65,0
DA:67,0
DA:68,0
DA:73,0
DA:74,0
DA:75,0
DA:76,0
DA:77,0
DA:79,0
DA:80,0
DA:81,0
DA:83,0
DA:85,0
LF:36
LH:0
BRDA:61,0,0,0
BRDA:61,0,1,0
BRDA:61,1,0,0
BRDA:61,1,1,0
BRDA:79,2,0,0
BRDA:79,2,1,0
BRDA:79,3,0,0
BRDA:79,3,1,0
BRDA:80,4,0,0
BRDA:80,4,1,0
BRDA:80,5,0,0
BRDA:80,5,1,0
BRDA:81,6,0,0
BRDA:81,6,1,0
BRDA:81,7,0,0
BRDA:81,7,1,0
BRF:16
BRH:0
end_of_record
TN:
SF:src/modules/animation-manager.ts
FN:46,(anonymous_0)
FN:56,(anonymous_1)
FN:59,(anonymous_2)
FN:69,(anonymous_3)
FN:75,(anonymous_4)
FN:81,(anonymous_5)
FN:95,(anonymous_6)
FN:119,(anonymous_7)
FN:140,(anonymous_8)
FN:166,(anonymous_9)
FN:189,(anonymous_10)
FN:225,(anonymous_11)
FN:258,(anonymous_12)
FN:281,(anonymous_13)
FN:304,(anonymous_14)
FN:329,(anonymous_15)
FN:336,(anonymous_16)
FN:341,(anonymous_17)
FN:350,(anonymous_18)
FN:352,(anonymous_19)
FN:353,(anonymous_20)
FN:358,(anonymous_21)
FN:364,(anonymous_22)
FN:373,(anonymous_23)
FN:374,(anonymous_24)
FN:375,(anonymous_25)
FN:379,(anonymous_26)
FN:380,(anonymous_27)
FN:381,(anonymous_28)
FN:385,(anonymous_29)
FNF:30
FNH:0
FNDA:0,(anonymous_0)
FNDA:0,(anonymous_1)
FNDA:0,(anonymous_2)
FNDA:0,(anonymous_3)
FNDA:0,(anonymous_4)
FNDA:0,(anonymous_5)
FNDA:0,(anonymous_6)
FNDA:0,(anonymous_7)
FNDA:0,(anonymous_8)
FNDA:0,(anonymous_9)
FNDA:0,(anonymous_10)
FNDA:0,(anonymous_11)
FNDA:0,(anonymous_12)
FNDA:0,(anonymous_13)
FNDA:0,(anonymous_14)
FNDA:0,(anonymous_15)
FNDA:0,(anonymous_16)
FNDA:0,(anonymous_17)
FNDA:0,(anonymous_18)
FNDA:0,(anonymous_19)
FNDA:0,(anonymous_20)
FNDA:0,(anonymous_21)
FNDA:0,(anonymous_22)
FNDA:0,(anonymous_23)
FNDA:0,(anonymous_24)
FNDA:0,(anonymous_25)
FNDA:0,(anonymous_26)
FNDA:0,(anonymous_27)
FNDA:0,(anonymous_28)
FNDA:0,(anonymous_29)
DA:4,0
DA:6,0
DA:39,0
DA:40,0
DA:41,0
DA:42,0
DA:43,0
DA:44,0
DA:47,0
DA:48,0
DA:49,0
DA:50,0
DA:51,0
DA:52,0
DA:57,0
DA:58,0
DA:59,0
DA:60,0
DA:61,0
DA:62,0
DA:65,0
DA:70,0
DA:71,0
DA:76,0
DA:77,0
DA:82,0
DA:85,0
DA:90,0
DA:91,0
DA:96,0
DA:103,0
DA:105,0
DA:115,0
DA:120,0
DA:127,0
DA:129,0
DA:136,0
DA:141,0
DA:149,0
DA:151,0
DA:162,0
DA:167,0
DA:175,0
DA:177,0
DA:185,0
DA:190,0
DA:198,0
DA:200,0
DA:207,0
DA:209,0
DA:221,0
DA:226,0
DA:234,0
DA:236,0
DA:243,0
DA:245,0
DA:254,0
DA:259,0
DA:266,0
DA:268,0
DA:277,0
DA:282,0
DA:289,0
DA:291,0
DA:300,0
DA:305,0
DA:312,0
DA:314,0
DA:324,0
DA:325,0
DA:330,0
DA:331,0
DA:332,0
DA:337,0
DA:342,0
DA:343,0
DA:344,0
DA:345,0
DA:352,0
DA:353,0
DA:354,0
DA:355,0
DA:358,0
DA:359,0
DA:361,0
DA:364,0
DA:365,0
DA:367,0
DA:369,0
DA:374,0
DA:375,0
DA:380,0
DA:381,0
DA:386,0
DA:387,0
DA:392,0
DA:395,0
DA:398,0
LF:98
LH:0
BRDA:61,0,0,0
BRDA:61,0,1,0
BRDA:82,1,0,0
BRDA:82,1,1,0
BRDA:95,2,0,0
BRDA:96,3,0,0
BRDA:96,3,1,0
BRDA:99,4,0,0
BRDA:100,5,0,0
BRDA:101,6,0,0
BRDA:119,7,0,0
BRDA:120,8,0,0
BRDA:120,8,1,0
BRDA:123,9,0,0
BRDA:124,10,0,0
BRDA:125,11,0,0
BRDA:140,12,0,0
BRDA:141,13,0,0
BRDA:141,13,1,0
BRDA:144,14,0,0
BRDA:145,15,0,0
BRDA:146,16,0,0
BRDA:147,17,0,0
BRDA:166,18,0,0
BRDA:167,19,0,0
BRDA:167,19,1,0
BRDA:170,20,0,0
BRDA:171,21,0,0
BRDA:172,22,0,0
BRDA:173,23,0,0
BRDA:189,24,0,0
BRDA:189,25,0,0
BRDA:190,26,0,0
BRDA:190,26,1,0
BRDA:193,27,0,0
BRDA:194,28,0,0
BRDA:195,29,0,0
BRDA:196,30,0,0
BRDA:207,31,0,0
BRDA:207,31,1,0
BRDA:225,32,0,0
BRDA:225,33,0,0
BRDA:226,34,0,0
BRDA:226,34,1,0
BRDA:229,35,0,0
BRDA:230,36,0,0
BRDA:231,37,0,0
BRDA:232,38,0,0
BRDA:243,39,0,0
BRDA:243,39,1,0
BRDA:258,40,0,0
BRDA:259,41,0,0
BRDA:259,41,1,0
BRDA:262,42,0,0
BRDA:263,43,0,0
BRDA:264,44,0,0
BRDA:281,45,0,0
BRDA:282,46,0,0
BRDA:282,46,1,0
BRDA:285,47,0,0
BRDA:286,48,0,0
BRDA:287,49,0,0
BRDA:304,50,0,0
BRDA:305,51,0,0
BRDA:305,51,1,0
BRDA:308,52,0,0
BRDA:309,53,0,0
BRDA:310,54,0,0
BRDA:329,55,0,0
BRDA:343,56,0,0
BRDA:343,56,1,0
BRF:71
BRH:0
end_of_record
TN:
SF:src/modules/app-board.ts
FN:10,(anonymous_10)
FN:12,(anonymous_11)
FN:20,resetBoardContainer
FN:24,(anonymous_13)
FN:27,(anonymous_14)
FN:51,rebuildBoard
FN:55,(anonymous_16)
FN:59,(anonymous_17)
FN:87,(anonymous_18)
FN:117,sweetPopIn
FN:139,(anonymous_20)
FN:142,(anonymous_21)
FN:176,(anonymous_22)
FN:188,(anonymous_23)
FN:237,(anonymous_24)
FN:249,(anonymous_25)
FN:251,(anonymous_26)
FN:252,(anonymous_27)
FN:257,(anonymous_28)
FN:259,(anonymous_29)
FN:260,(anonymous_30)
FN:266,sweetPopOut
FN:286,(anonymous_32)
FN:289,(anonymous_33)
FN:316,(anonymous_34)
FN:342,(anonymous_35)
FN:378,(anonymous_36)
FN:389,(anonymous_37)
FN:391,(anonymous_38)
FN:397,(anonymous_39)
FN:399,(anonymous_40)
FN:406,dealFromRim
FN:407,(anonymous_42)
FN:419,(anonymous_43)
FN:444,(anonymous_44)
FN:455,(anonymous_45)
FNF:36
FNH:0
FNDA:0,(anonymous_10)
FNDA:0,(anonymous_11)
FNDA:0,resetBoardContainer
FNDA:0,(anonymous_13)
FNDA:0,(anonymous_14)
FNDA:0,rebuildBoard
FNDA:0,(anonymous_16)
FNDA:0,(anonymous_17)
FNDA:0,(anonymous_18)
FNDA:0,sweetPopIn
FNDA:0,(anonymous_20)
FNDA:0,(anonymous_21)
FNDA:0,(anonymous_22)
FNDA:0,(anonymous_23)
FNDA:0,(anonymous_24)
FNDA:0,(anonymous_25)
FNDA:0,(anonymous_26)
FNDA:0,(anonymous_27)
FNDA:0,(anonymous_28)
FNDA:0,(anonymous_29)
FNDA:0,(anonymous_30)
FNDA:0,sweetPopOut
FNDA:0,(anonymous_32)
FNDA:0,(anonymous_33)
FNDA:0,(anonymous_34)
FNDA:0,(anonymous_35)
FNDA:0,(anonymous_36)
FNDA:0,(anonymous_37)
FNDA:0,(anonymous_38)
FNDA:0,(anonymous_39)
FNDA:0,(anonymous_40)
FNDA:0,dealFromRim
FNDA:0,(anonymous_42)
FNDA:0,(anonymous_43)
FNDA:0,(anonymous_44)
FNDA:0,(anonymous_45)
DA:2,0
DA:3,0
DA:4,0
DA:5,0
DA:6,0
DA:7,0
DA:10,0
DA:12,0
DA:13,0
DA:20,0
DA:21,0
DA:23,0
DA:24,0
DA:27,0
DA:28,0
DA:30,0
DA:31,0
DA:34,0
DA:35,0
DA:36,0
DA:37,0
DA:39,0
DA:42,0
DA:43,0
DA:45,0
DA:46,0
DA:48,0
DA:51,0
DA:52,0
DA:55,0
DA:56,0
DA:59,0
DA:60,0
DA:63,0
DA:64,0
DA:65,0
DA:66,0
DA:67,0
[...]
FN:311,(anonymous_18)
FN:314,(anonymous_19)
FN:315,(anonymous_20)
FN:322,(anonymous_21)
FN:351,cacheAndDecodeImage
FN:355,(anonymous_23)
FN:357,(anonymous_24)
FN:358,(anonymous_25)
FN:361,(anonymous_26)
FN:372,(anonymous_27)
FN:388,(anonymous_28)
FN:390,(anonymous_29)
FN:395,(anonymous_30)
FN:412,(anonymous_31)
FN:417,(anonymous_32)
FN:418,(anonymous_33)
FN:423,(anonymous_34)
FN:433,ensureInCacheAPI
FN:453,preloadAllStartupImages
FN:465,(anonymous_37)
FN:512,(anonymous_38)
FN:537,(anonymous_39)
FN:547,(anonymous_40)
FN:556,(anonymous_41)
FN:557,(anonymous_42)
FN:558,(anonymous_43)
FN:560,(anonymous_44)
FN:569,(anonymous_45)
FN:573,(anonymous_46)
FN:574,(anonymous_47)
FN:576,(anonymous_48)
FN:596,(anonymous_49)
FN:597,(anonymous_50)
FN:608,(anonymous_51)
FN:635,preloadJourneyBoardImages
FN:640,(anonymous_53)
FN:654,(anonymous_54)
FN:666,(anonymous_55)
FN:674,(anonymous_56)
FN:686,clearImageCache
FNF:49
FNH:0
FNDA:0,toAbsoluteUrl
FNDA:0,(anonymous_10)
FNDA:0,(anonymous_11)
FNDA:0,(anonymous_12)
FNDA:0,checkCacheVersion
FNDA:0,loadHudIconsIntoPixiCache
FNDA:0,(anonymous_15)
FNDA:0,(anonymous_16)
FNDA:0,(anonymous_17)
FNDA:0,(anonymous_18)
FNDA:0,(anonymous_19)
FNDA:0,(anonymous_20)
FNDA:0,(anonymous_21)
FNDA:0,cacheAndDecodeImage
FNDA:0,(anonymous_23)
FNDA:0,(anonymous_24)
FNDA:0,(anonymous_25)
FNDA:0,(anonymous_26)
FNDA:0,(anonymous_27)
FNDA:0,(anonymous_28)
FNDA:0,(anonymous_29)
FNDA:0,(anonymous_30)
FNDA:0,(anonymous_31)
FNDA:0,(anonymous_32)
FNDA:0,(anonymous_33)
FNDA:0,(anonymous_34)
FNDA:0,ensureInCacheAPI
FNDA:0,preloadAllStartupImages
FNDA:0,(anonymous_37)
FNDA:0,(anonymous_38)
FNDA:0,(anonymous_39)
FNDA:0,(anonymous_40)
FNDA:0,(anonymous_41)
FNDA:0,(anonymous_42)
FNDA:0,(anonymous_43)
FNDA:0,(anonymous_44)
FNDA:0,(anonymous_45)
FNDA:0,(anonymous_46)
FNDA:0,(anonymous_47)
FNDA:0,(anonymous_48)
FNDA:0,(anonymous_49)
FNDA:0,(anonymous_50)
FNDA:0,(anonymous_51)
FNDA:0,preloadJourneyBoardImages
FNDA:0,(anonymous_53)
FNDA:0,(anonymous_54)
FNDA:0,(anonymous_55)
FNDA:0,(anonymous_56)
FNDA:0,clearImageCache
DA:8,0
DA:9,0
DA:11,0
DA:12,0
DA:13,0
DA:17,0
DA:18,0
DA:19,0
DA:21,0
DA:27,0
DA:47,0
DA:183,0
DA:184,0
DA:198,0
DA:200,0
DA:203,0
DA:204,0
DA:210,0
DA:211,0
DA:212,0
DA:214,0
DA:215,0
DA:216,0
DA:218,0
DA:221,0
DA:223,0
DA:224,0
DA:233,0
DA:234,0
DA:236,0
DA:238,0
DA:241,0
DA:242,0
DA:245,0
DA:246,0
DA:248,0
DA:249,0
DA:250,0
DA:251,0
DA:254,0
DA:255,0
DA:256,0
DA:258,0
DA:259,0
DA:260,0
DA:261,0
DA:263,0
DA:264,0
DA:265,0
DA:266,0
DA:271,0
DA:272,0
DA:276,0
DA:279,0
DA:280,0
DA:281,0
DA:287,0
DA:288,0
DA:289,0
DA:290,0
DA:291,0
DA:292,0
DA:293,0
DA:294,0
DA:296,0
DA:297,0
DA:299,0
DA:301,0
DA:308,0
DA:309,0
DA:310,0
DA:311,0
DA:314,0
DA:315,0
DA:318,0
DA:320,0
DA:322,0
DA:323,0
DA:324,0
DA:327,0
DA:328,0
DA:331,0
DA:337,0
DA:341,0
DA:352,0
DA:355,0
DA:356,0
DA:357,0
DA:358,0
DA:359,0
DA:361,0
DA:362,0
DA:366,0
DA:368,0
DA:370,0
DA:372,0
DA:373,0
DA:378,0
DA:379,0
DA:380,0
DA:381,0
DA:382,0
DA:384,0
DA:385,0
DA:386,0
DA:387,0
DA:388,0
DA:389,0
DA:390,0
DA:391,0
DA:392,0
DA:393,0
DA:395,0
DA:396,0
DA:397,0
DA:399,0
DA:401,0
DA:405,0
DA:410,0
DA:412,0
DA:413,0
DA:414,0
DA:415,0
DA:416,0
DA:417,0
DA:418,0
DA:419,0
DA:422,0
DA:423,0
DA:425,0
DA:434,0
DA:435,0
DA:436,0
DA:437,0
DA:438,0
DA:439,0
DA:440,0
DA:441,0
DA:442,0
DA:453,0
DA:454,0
DA:455,0
DA:458,0
DA:459,0
DA:460,0
DA:463,0
DA:465,0
DA:466,0
DA:467,0
DA:470,0
DA:475,0
DA:476,0
DA:477,0
DA:482,0
DA:485,0
DA:501,0
DA:512,0
DA:516,0
DA:522,0
DA:528,0
DA:533,0
DA:537,0
DA:538,0
DA:539,0
DA:540,0
DA:541,0
DA:543,0
DA:544,0
DA:547,0
DA:555,0
DA:556,0
DA:558,0
DA:559,0
DA:561,0
DA:565,0
DA:567,0
DA:569,0
DA:570,0
DA:571,0
DA:572,0
DA:573,0
DA:575,0
DA:577,0
DA:581,0
DA:582,0
DA:586,0
DA:589,0
DA:590,0
DA:592,0
DA:593,0
DA:595,0
DA:597,0
DA:598,0
DA:599,0
DA:600,0
DA:607,0
DA:608,0
DA:613,0
DA:615,0
DA:619,0
DA:621,0
DA:622,0
DA:623,0
DA:627,0
DA:635,0
DA:636,0
DA:637,0
DA:640,0
DA:641,0
DA:642,0
DA:643,0
DA:647,0
DA:648,0
DA:651,0
DA:654,0
DA:655,0
DA:656,0
DA:657,0
DA:658,0
DA:659,0
DA:661,0
DA:662,0
DA:665,0
DA:666,0
DA:673,0
DA:674,0
DA:677,0
DA:679,0
DA:686,0
DA:687,0
DA:688,0
DA:689,0
DA:690,0
DA:691,0
DA:694,0
DA:695,0
DA:697,0
LF:237
LH:0
BRDA:17,0,0,0
BRDA:17,0,1,0
BRDA:212,1,0,0
BRDA:212,1,1,0
BRDA:214,2,0,0
BRDA:214,2,1,0
BRDA:249,3,0,0
BRDA:249,3,1,0
BRDA:254,4,0,0
BRDA:254,4,1,0
BRDA:258,5,0,0
BRDA:258,5,1,0
BRDA:258,6,0,0
BRDA:258,6,1,0
BRDA:279,7,0,0
BRDA:279,7,1,0
BRDA:287,8,0,0
BRDA:291,9,0,0
BRDA:291,9,1,0
BRDA:296,10,0,0
BRDA:296,10,1,0
BRDA:327,11,0,0
BRDA:327,11,1,0
BRDA:362,12,0,0
BRDA:362,12,1,0
BRDA:368,13,0,0
BRDA:368,13,1,0
BRDA:378,14,0,0
BRDA:378,14,1,0
BRDA:382,15,0,0
BRDA:382,15,1,0
BRDA:384,16,0,0
BRDA:384,16,1,0
BRDA:401,17,0,0
BRDA:401,17,1,0
BRDA:434,18,0,0
BRDA:434,18,1,0
BRDA:438,19,0,0
BRDA:438,19,1,0
BRDA:439,20,0,0
BRDA:439,20,1,0
BRDA:441,21,0,0
BRDA:441,21,1,0
BRDA:454,22,0,0
BRDA:454,22,1,0
BRDA:458,23,0,0
BRDA:458,23,1,0
BRDA:460,24,0,0
BRDA:460,24,1,0
BRDA:537,25,0,0
BRDA:543,26,0,0
BRDA:543,26,1,0
BRDA:567,27,0,0
BRDA:567,27,1,0
BRDA:570,28,0,0
BRDA:570,28,1,0
BRDA:599,29,0,0
BRDA:599,29,1,0
BRDA:607,30,0,0
BRDA:607,30,1,0
BRDA:641,31,0,0
BRDA:641,31,1,0
BRDA:641,32,0,0
BRDA:641,32,1,0
BRDA:647,33,0,0
BRDA:647,33,1,0
BRDA:654,34,0,0
BRDA:661,35,0,0
BRDA:661,35,1,0
BRDA:688,36,0,0
BRDA:688,36,1,0
BRDA:690,37,0,0
BRDA:690,37,1,0
BRF:73
BRH:0
end_of_record
TN:
SF:src/utils/console-suppress.ts
FN:3,(anonymous_0)
FNF:1
FNH:0
FNDA:0,(anonymous_0)
DA:2,0
DA:3,0
DA:4,0
DA:5,0
DA:6,0
DA:7,0
DA:8,0
LF:7
LH:0
BRDA:2,0,0,0
BRDA:2,0,1,0
BRF:2
BRH:0
end_of_record
TN:
SF:src/utils/error-boundary.ts
FN:2,(anonymous_0)
FN:6,(anonymous_1)
FN:13,(anonymous_2)
FN:18,(anonymous_3)
FN:22,(anonymous_4)
FN:38,(anonymous_5)
FN:39,(anonymous_6)
FN:55,(anonymous_7)
FN:63,(anonymous_8)
FNF:9
FNH:0
FNDA:0,(anonymous_0)
FNDA:0,(anonymous_1)
FNDA:0,(anonymous_2)
FNDA:0,(anonymous_3)
FNDA:0,(anonymous_4)
FNDA:0,(anonymous_5)
FNDA:0,(anonymous_6)
FNDA:0,(anonymous_7)
FNDA:0,(anonymous_8)
DA:2,0
DA:4,0
DA:7,0
DA:8,0
DA:10,0
DA:19,0
DA:23,0
DA:25,0
DA:26,0
DA:30,0
DA:31,0
DA:39,0
DA:40,0
DA:41,0
DA:43,0
DA:44,0
DA:54,0
DA:55,0
DA:56,0
DA:63,0
DA:64,0
LF:21
LH:0
BRDA:7,0,0,0
BRDA:7,0,1,0
BRDA:25,1,0,0
BRDA:25,1,1,0
BRDA:30,2,0,0
BRDA:30,2,1,0
BRDA:30,3,0,0
BRDA:30,3,1,0
BRDA:54,4,0,0
BRDA:54,4,1,0
BRF:10
BRH:0
end_of_record
TN:
SF:src/utils/error-handler.ts
FN:29,(anonymous_0)
FN:37,(anonymous_1)
FN:100,(anonymous_2)
FN:126,(anonymous_3)
FN:154,(anonymous_4)
FN:185,(anonymous_5)
FN:200,(anonymous_6)
FN:221,(anonymous_7)
FN:242,(anonymous_8)
FN:282,(anonymous_9)
FN:290,(anonymous_10)
FN:299,(anonymous_11)
FN:309,(anonymous_12)
FN:314,(anonymous_13)
FNF:14
FNH:0
FNDA:0,(anonymous_0)
FNDA:0,(anonymous_1)
FNDA:0,(anonymous_2)
FNDA:0,(anonymous_3)
FNDA:0,(anonymous_4)
FNDA:0,(anonymous_5)
FNDA:0,(anonymous_6)
FNDA:0,(anonymous_7)
FNDA:0,(anonymous_8)
FNDA:0,(anonymous_9)
FNDA:0,(anonymous_10)
FNDA:0,(anonymous_11)
FNDA:0,(anonymous_12)
FNDA:0,(anonymous_13)
DA:4,0
DA:5,0
DA:24,0
DA:25,0
DA:26,0
DA:27,0
DA:30,0
DA:31,0
DA:32,0
DA:33,0
DA:39,0
DA:40,0
DA:43,0
DA:46,0
DA:47,0
DA:48,0
DA:49,0
DA:54,0
DA:62,0
DA:63,0
DA:65,0
DA:66,0
DA:69,0
DA:72,0
DA:81,0
DA:84,0
DA:85,0
DA:86,0
DA:90,0
DA:91,0
DA:92,0
DA:96,0
DA:101,0
DA:104,0
DA:105,0
DA:106,0
DA:110,0
DA:111,0
DA:112,0
DA:116,0
DA:117,0
DA:118,0
DA:122,0
DA:127,0
DA:130,0
DA:131,0
DA:132,0
DA:133,0
DA:137,0
DA:138,0
DA:139,0
DA:140,0
DA:141,0
DA:143,0
DA:148,0
DA:149,0
DA:155,0
DA:158,0
DA:159,0
DA:160,0
DA:161,0
DA:165,0
DA:166,0
DA:167,0
DA:168,0
DA:169,0
DA:171,0
DA:176,0
DA:179,0
DA:180,0
DA:186,0
DA:189,0
DA:190,0
DA:191,0
DA:192,0
DA:194,0
DA:201,0
DA:204,0
DA:205,0
DA:206,0
DA:207,0
DA:211,0
DA:214,0
DA:215,0
DA:222,0
DA:223,0
DA:224,0
DA:225,0
DA:226,0
DA:227,0
DA:230,0
DA:231,0
DA:232,0
DA:235,0
DA:237,0
DA:244,0
DA:245,0
DA:263,0
DA:279,0
DA:282,0
DA:283,0
DA:284,0
DA:291,0
DA:300,0
DA:301,0
DA:306,0
DA:309,0
DA:310,0
DA:311,0
DA:314,0
DA:315,0
DA:316,0
DA:320,0
DA:321,0
LF:114
LH:0
BRDA:37,0,0,0
BRDA:39,1,0,0
BRDA:39,1,1,0
BRDA:40,2,0,0
BRDA:40,2,1,0
BRDA:40,2,2,0
BRDA:46,3,0,0
BRDA:46,3,1,0
BRDA:47,4,0,0
BRDA:47,4,1,0
BRDA:47,5,0,0
BRDA:47,5,1,0
BRDA:54,6,0,0
BRDA:54,6,1,0
BRDA:54,6,2,0
BRDA:54,6,3,0
BRDA:54,6,4,0
BRDA:54,6,5,0
BRDA:54,6,6,0
BRDA:62,7,0,0
BRDA:62,7,1,0
BRDA:62,8,0,0
BRDA:62,8,1,0
BRDA:74,9,0,0
BRDA:74,9,1,0
BRDA:74,10,0,0
BRDA:74,10,1,0
BRDA:84,11,0,0
BRDA:84,11,1,0
BRDA:90,12,0,0
BRDA:90,12,1,0
BRDA:101,13,0,0
BRDA:101,13,1,0
BRDA:104,14,0,0
BRDA:104,14,1,0
BRDA:104,15,0,0
BRDA:104,15,1,0
BRDA:110,16,0,0
BRDA:110,16,1,0
BRDA:110,17,0,0
BRDA:110,17,1,0
BRDA:116,18,0,0
BRDA:116,18,1,0
BRDA:116,19,0,0
BRDA:116,19,1,0
BRDA:130,20,0,0
BRDA:130,20,1,0
BRDA:131,21,0,0
BRDA:131,21,1,0
BRDA:138,22,0,0
BRDA:138,22,1,0
BRDA:138,23,0,0
BRDA:138,23,1,0
BRDA:148,24,0,0
BRDA:148,24,1,0
BRDA:148,25,0,0
BRDA:148,25,1,0
BRDA:158,26,0,0
BRDA:158,26,1,0
BRDA:159,27,0,0
BRDA:159,27,1,0
BRDA:166,28,0,0
BRDA:166,28,1,0
BRDA:179,29,0,0
BRDA:179,29,1,0
BRDA:179,30,0,0
BRDA:179,30,1,0
BRDA:189,31,0,0
BRDA:189,31,1,0
BRDA:201,32,0,0
BRDA:201,32,1,0
BRDA:204,33,0,0
BRDA:204,33,1,0
BRDA:205,34,0,0
BRDA:205,34,1,0
BRDA:211,35,0,0
BRDA:211,35,1,0
BRDA:211,36,0,0
BRDA:211,36,1,0
BRDA:214,37,0,0
BRDA:214,37,1,0
BRDA:224,38,0,0
BRDA:224,38,1,0
BRDA:226,39,0,0
BRDA:226,39,1,0
BRDA:231,40,0,0
BRDA:231,40,1,0
BRDA:283,41,0,0
BRDA:283,41,1,0
BRDA:310,42,0,0
BRDA:310,42,1,0
BRF:91
BRH:0
end_of_record
TN:
SF:src/utils/focus-trap.ts
FN:17,(anonymous_0)
FN:74,(anonymous_1)
FN:45,(anonymous_2)
FN:57,(anonymous_3)
FN:68,(anonymous_4)
FN:106,(anonymous_5)
FN:110,(anonymous_6)
FN:114,(anonymous_7)
FN:118,(anonymous_8)
FN:134,createFocusTrap
FNF:10
FNH:0
FNDA:0,(anonymous_0)
FNDA:0,(anonymous_1)
FNDA:0,(anonymous_2)
FNDA:0,(anonymous_3)
FNDA:0,(anonymous_4)
FNDA:0,(anonymous_5)
FNDA:0,(anonymous_6)
FNDA:0,(anonymous_7)
FNDA:0,(anonymous_8)
FNDA:0,createFocusTrap
DA:10,0
DA:11,0
DA:12,0
DA:13,0
DA:14,0
DA:15,0
DA:18,0
DA:19,0
DA:22,0
DA:25,0
DA:28,0
DA:29,0
DA:30,0
DA:31,0
DA:32,0
DA:35,0
DA:38,0
DA:42,0
DA:46,0
DA:55,0
DA:59,0
DA:64,0
DA:65,0
DA:69,0
DA:70,0
DA:74,0
DA:76,0
DA:77,0
DA:78,0
DA:82,0
DA:84,0
DA:85,0
DA:86,0
DA:90,0
DA:91,0
DA:92,0
DA:93,0
DA:98,0
DA:99,0
DA:100,0
DA:107,0
DA:111,0
DA:115,0
DA:119,0
DA:122,0
DA:123,0
DA:127,0
DA:128,0
DA:129,0
DA:134,0
DA:135,0
LF:51
LH:0
BRDA:76,0,0,0
BRDA:76,0,1,0
BRDA:76,1,0,0
BRDA:76,1,1,0
BRDA:82,2,0,0
BRDA:82,2,1,0
BRDA:84,3,0,0
BRDA:84,3,1,0
BRDA:90,4,0,0
BRDA:90,4,1,0
BRDA:91,5,0,0
BRDA:91,5,1,0
BRDA:98,6,0,0
BRDA:98,6,1,0
BRDA:28,7,0,0
BRDA:28,7,1,0
BRDA:29,8,0,0
BRDA:29,8,1,0
BRDA:31,9,0,0
BRDA:31,9,1,0
BRDA:59,10,0,0
BRDA:59,10,1,0
BRDA:59,10,2,0
BRDA:64,11,0,0
BRDA:64,11,1,0
BRDA:65,12,0,0
BRDA:65,12,1,0
BRDA:69,13,0,0
BRDA:69,13,1,0
BRDA:122,14,0,0
BRDA:122,14,1,0
BRF:31
BRH:0
end_of_record
TN:
SF:src/utils/gsap-helpers.ts
FN:7,registerTween
FN:14,deregisterTween
FN:22,killTweensByContext
FN:26,(anonymous_3)
FN:34,killAllRegisteredTweens
FN:35,(anonymous_5)
FN:36,(anonymous_6)
FNF:7
FNH:0
FNDA:0,registerTween
FNDA:0,deregisterTween
FNDA:0,killTweensByContext
FNDA:0,(anonymous_3)
FNDA:0,killAllRegisteredTweens
FNDA:0,(anonymous_5)
FNDA:0,(anonymous_6)
DA:5,0
DA:7,0
DA:8,0
DA:9,0
DA:10,0
DA:11,0
DA:14,0
DA:15,0
DA:16,0
DA:17,0
DA:18,0
DA:19,0
DA:22,0
DA:23,0
DA:24,0
DA:25,0
DA:26,0
DA:27,0
DA:28,0
DA:31,0
DA:34,0
DA:35,0
DA:36,0
DA:37,0
DA:38,0
DA:41,0
LF:26
LH:0
BRDA:8,0,0,0
BRDA:8,0,1,0
BRDA:8,1,0,0
BRDA:8,1,1,0
BRDA:9,2,0,0
BRDA:9,2,1,0
BRDA:15,3,0,0
BRDA:15,3,1,0
BRDA:15,4,0,0
BRDA:15,4,1,0
BRDA:17,5,0,0
BRDA:17,5,1,0
BRDA:19,6,0,0
BRDA:19,6,1,0
BRDA:23,7,0,0
BRDA:23,7,1,0
BRDA:25,8,0,0
BRDA:25,8,1,0
BRF:18
BRH:0
end_of_record
TN:
SF:src/utils/memory-manager.ts
FN:52,(anonymous_0)
FN:73,(anonymous_1)
FN:78,(anonymous_2)
FN:88,(anonymous_3)
FN:98,(anonymous_4)
FN:102,(anonymous_5)
FN:112,(anonymous_6)
FN:130,(anonymous_7)
FN:144,(anonymous_8)
FN:158,(anonymous_9)
FN:174,(anonymous_10)
FN:179,(anonymous_11)
FN:187,(anonymous_12)
FN:189,(anonymous_13)
FN:193,(anonymous_14)
FN:207,(anonymous_15)
FN:209,(anonymous_16)
FN:213,(anonymous_17)
FN:229,(anonymous_18)
FN:231,(anonymous_19)
FN:235,(anonymous_20)
FN:247,(anonymous_21)
FN:251,(anonymous_22)
FN:283,(anonymous_23)
FN:287,(anonymous_24)
FN:299,(anonymous_25)
FN:313,(anonymous_26)
FN:323,(anonymous_27)
FN:335,(anonymous_28)
FN:347,(anonymous_29)
FN:359,(anonymous_30)
FNF:31
FNH:0
FNDA:0,(anonymous_0)
FNDA:0,(anonymous_1)
FNDA:0,(anonymous_2)
FNDA:0,(anonymous_3)
FNDA:0,(anonymous_4)
FNDA:0,(anonymous_5)
FNDA:0,(anonymous_6)
FNDA:0,(anonymous_7)
FNDA:0,(anonymous_8)
FNDA:0,(anonymous_9)
FNDA:0,(anonymous_10)
FNDA:0,(anonymous_11)
FNDA:0,(anonymous_12)
FNDA:0,(anonymous_13)
FNDA:0,(anonymous_14)
FNDA:0,(anonymous_15)
FNDA:0,(anonymous_16)
FNDA:0,(anonymous_17)
FNDA:0,(anonymous_18)
FNDA:0,(anonymous_19)
FNDA:0,(anonymous_20)
FNDA:0,(anonymous_21)
FNDA:0,(anonymous_22)
FNDA:0,(anonymous_23)
FNDA:0,(anonymous_24)
FNDA:0,(anonymous_25)
FNDA:0,(anonymous_26)
FNDA:0,(anonymous_27)
FNDA:0,(anonymous_28)
FNDA:0,(anonymous_29)
FNDA:0,(anonymous_30)
DA:1,0
DA:42,0
DA:43,0
DA:44,0
DA:45,0
DA:46,0
DA:47,0
DA:48,0
DA:49,0
DA:50,0
DA:53,0
DA:54,0
DA:55,0
DA:56,0
DA:59,0
DA:66,0
DA:67,0
DA:68,0
DA:69,0
DA:74,0
DA:79,0
DA:81,0
DA:82,0
DA:84,0
DA:89,0
DA:90,0
DA:91,0
DA:92,0
DA:94,0
DA:99,0
DA:102,0
DA:105,0
DA:106,0
DA:107,0
DA:113,0
DA:114,0
DA:115,0
DA:116,0
DA:117,0
DA:119,0
DA:120,0
DA:121,0
DA:122,0
DA:123,0
DA:124,0
DA:125,0
DA:126,0
DA:131,0
DA:138,0
DA:139,0
DA:145,0
DA:152,0
DA:153,0
DA:159,0
DA:160,0
DA:168,0
DA:169,0
DA:175,0
DA:180,0
DA:183,0
DA:188,0
DA:189,0
DA:191,0
DA:193,0
DA:194,0
DA:195,0
DA:196,0
DA:198,0
DA:199,0
DA:201,0
DA:208,0
DA:209,0
DA:211,0
DA:213,0
DA:214,0
DA:215,0
DA:216,0
DA:217,0
DA:218,0
DA:220,0
DA:221,0
DA:223,0
DA:230,0
DA:231,0
DA:233,0
DA:235,0
DA:236,0
DA:237,0
DA:238,0
DA:239,0
DA:241,0
DA:248,0
DA:251,0
DA:252,0
DA:253,0
DA:255,0
DA:260,0
DA:263,0
DA:266,0
DA:269,0
DA:270,0
DA:271,0
DA:272,0
DA:273,0
DA:275,0
DA:279,0
DA:284,0
DA:287,0
DA:288,0
DA:289,0
DA:290,0
DA:293,0
DA:296,0
DA:299,0
DA:300,0
DA:301,0
DA:302,0
DA:303,0
DA:304,0
DA:307,0
DA:310,0
DA:313,0
DA:314,0
DA:315,0
DA:317,0
DA:320,0
DA:323,0
DA:324,0
DA:325,0
DA:327,0
DA:331,0
DA:336,0
DA:348,0
DA:350,0
DA:360,0
DA:361,0
DA:366,0
DA:369,0
DA:370,0
LF:139
LH:0
BRDA:79,0,0,0
BRDA:79,0,1,0
BRDA:90,1,0,0
BRDA:90,1,1,0
BRDA:99,2,0,0
BRDA:99,2,1,0
BRDA:105,3,0,0
BRDA:105,3,1,0
BRDA:113,4,0,0
BRDA:113,4,1,0
BRDA:115,5,0,0
BRDA:115,5,1,0
BRDA:122,6,0,0
BRDA:122,6,1,0
BRDA:122,7,0,0
BRDA:122,7,1,0
BRDA:122,7,2,0
BRDA:138,8,0,0
BRDA:138,8,1,0
BRDA:152,9,0,0
BRDA:152,9,1,0
BRDA:168,10,0,0
BRDA:168,10,1,0
BRDA:180,11,0,0
BRDA:180,11,1,0
BRDA:180,12,0,0
BRDA:180,12,1,0
BRDA:180,12,2,0
BRDA:195,13,0,0
BRDA:195,13,1,0
BRDA:195,14,0,0
BRDA:195,14,1,0
BRDA:215,15,0,0
BRDA:215,15,1,0
BRDA:215,16,0,0
BRDA:215,16,1,0
BRDA:217,17,0,0
BRDA:217,17,1,0
BRDA:217,18,0,0
BRDA:217,18,1,0
BRDA:270,19,0,0
BRDA:270,19,1,0
BRDA:289,20,0,0
BRDA:289,20,1,0
BRDA:289,21,0,0
BRDA:289,21,1,0
BRDA:301,22,0,0
BRDA:301,22,1,0
BRDA:301,23,0,0
BRDA:301,23,1,0
BRDA:303,24,0,0
BRDA:303,24,1,0
BRDA:303,25,0,0
BRDA:303,25,1,0
BRDA:341,26,0,0
BRDA:341,26,1,0
BRDA:348,27,0,0
BRDA:348,27,1,0
BRDA:351,28,0,0
BRDA:351,28,1,0
BRDA:351,28,2,0
BRDA:351,28,3,0
BRF:62
BRH:0
end_of_record
TN:
SF:src/utils/native-splash.ts
FN:11,hideNativeSplash
FNF:1
FNH:0
FNDA:0,hideNativeSplash
DA:1,0
DA:11,0
DA:12,0
DA:13,0
DA:14,0
DA:15,0
DA:16,0
DA:17,0
DA:20,0
DA:22,0
LF:10
LH:0
BRDA:11,0,0,0
BRDA:15,1,0,0
BRDA:15,1,1,0
BRF:3
BRH:0
end_of_record
TN:
SF:src/utils/perf-monitor.ts
FN:15,resetLongTasks
FN:20,recordLongTaskEntries
FN:27,startRafLoop
FN:32,(anonymous_3)
FN:55,startLongTaskObserver
FN:58,(anonymous_5)
FN:65,stopLongTaskObserver
FN:72,startPerfMonitor
FN:82,stopPerfMonitor
FN:93,startPerfMonitorIfEnabled
FNF:10
FNH:0
FNDA:0,resetLongTasks
FNDA:0,recordLongTaskEntries
FNDA:0,startRafLoop
FNDA:0,(anonymous_3)
FNDA:0,startLongTaskObserver
FNDA:0,(anonymous_5)
FNDA:0,stopLongTaskObserver
FNDA:0,startPerfMonitor
FNDA:0,stopPerfMonitor
FNDA:0,startPerfMonitorIfEnabled
DA:1,0
DA:7,0
DA:8,0
DA:9,0
DA:10,0
DA:11,0
DA:12,0
DA:13,0
DA:16,0
DA:17,0
DA:21,0
DA:22,0
DA:23,0
DA:28,0
DA:29,0
DA:30,0
DA:32,0
DA:33,0
DA:34,0
DA:35,0
DA:36,0
DA:37,0
DA:38,0
DA:39,0
DA:44,0
DA:45,0
DA:46,0
DA:47,0
DA:48,0
DA:50,0
DA:52,0
DA:56,0
DA:57,0
DA:58,0
DA:59,0
DA:61,0
DA:66,0
DA:67,0
DA:69,0
DA:72,0
DA:73,0
DA:74,0
DA:75,0
DA:76,0
DA:77,0
DA:78,0
DA:79,0
DA:82,0
DA:83,0
DA:84,0
DA:85,0
DA:86,0
DA:87,0
DA:89,0
DA:90,0
DA:93,0
DA:94,0
DA:95,0
DA:96,0
DA:97,0
LF:60
LH:0
BRDA:23,0,0,0
BRDA:23,0,1,0
BRDA:35,1,0,0
BRDA:35,1,1,0
BRDA:38,2,0,0
BRDA:38,2,1,0
BRDA:44,3,0,0
BRDA:44,3,1,0
BRDA:56,4,0,0
BRDA:56,4,1,0
BRDA:72,5,0,0
BRDA:73,6,0,0
BRDA:73,6,1,0
BRDA:74,7,0,0
BRDA:74,7,1,0
BRDA:74,8,0,0
BRDA:74,8,1,0
BRDA:76,9,0,0
BRDA:76,9,1,0
BRDA:83,10,0,0
BRDA:83,10,1,0
BRDA:85,11,0,0
BRDA:85,11,1,0
BRDA:96,12,0,0
BRDA:96,12,1,0
BRDA:96,13,0,0
BRDA:96,13,1,0
BRF:27
BRH:0
end_of_record
TN:
SF:src/utils/performance-monitor.ts
FN:2,(anonymous_0)
FN:7,(anonymous_1)
FN:14,(anonymous_2)
FN:18,(anonymous_3)
FN:27,(anonymous_4)
FN:29,(anonymous_5)
FN:40,(anonymous_6)
FN:43,(anonymous_7)
FN:55,(anonymous_8)
FN:59,(anonymous_9)
FN:60,(anonymous_10)
FNF:11
FNH:0
FNDA:0,(anonymous_0)
FNDA:0,(anonymous_1)
FNDA:0,(anonymous_2)
FNDA:0,(anonymous_3)
FNDA:0,(anonymous_4)
FNDA:0,(anonymous_5)
FNDA:0,(anonymous_6)
FNDA:0,(anonymous_7)
FNDA:0,(anonymous_8)
FNDA:0,(anonymous_9)
FNDA:0,(anonymous_10)
DA:2,0
DA:4,0
DA:5,0
DA:8,0
DA:9,0
DA:11,0
DA:16,0
DA:18,0
DA:19,0
DA:20,0
DA:21,0
DA:23,0
DA:24,0
DA:27,0
DA:28,0
DA:29,0
DA:30,0
DA:31,0
DA:32,0
DA:36,0
DA:37,0
DA:40,0
DA:41,0
DA:42,0
DA:43,0
DA:44,0
DA:45,0
DA:48,0
DA:50,0
DA:51,0
DA:56,0
DA:60,0
DA:61,0
DA:62,0
LF:34
LH:0
BRDA:8,0,0,0
BRDA:8,0,1,0
BRDA:16,1,0,0
BRDA:16,1,1,0
BRDA:31,2,0,0
BRDA:31,2,1,0
BRDA:44,3,0,0
BRDA:44,3,1,0
BRF:8
BRH:0
end_of_record
TN:
SF:src/utils/preload-assets.ts
FN:63,cacheImage
FN:82,decodeImage
FN:83,(anonymous_2)
FN:95,(anonymous_3)
FN:96,(anonymous_4)
FN:101,preloadCriticalAssets
FN:104,(anonymous_6)
FN:109,(anonymous_7)
FN:112,(anonymous_8)
FNF:9
FNH:0
FNDA:0,cacheImage
FNDA:0,decodeImage
FNDA:0,(anonymous_2)
FNDA:0,(anonymous_3)
FNDA:0,(anonymous_4)
FNDA:0,preloadCriticalAssets
FNDA:0,(anonymous_6)
FNDA:0,(anonymous_7)
FNDA:0,(anonymous_8)
DA:2,0
DA:4,0
DA:61,0
DA:64,0
DA:65,0
DA:66,0
DA:67,0
DA:69,0
DA:70,0
DA:73,0
DA:74,0
DA:75,0
DA:78,0
DA:83,0
DA:85,0
DA:86,0
DA:87,0
DA:90,0
DA:91,0
DA:92,0
DA:95,0
DA:96,0
DA:97,0
DA:101,0
DA:102,0
DA:104,0
DA:105,0
DA:108,0
DA:110,0
DA:113,0
DA:116,0
LF:31
LH:0
BRDA:64,0,0,0
BRDA:64,0,1,0
BRDA:69,1,0,0
BRDA:69,1,1,0
BRDA:74,2,0,0
BRDA:74,2,1,0
BRDA:90,3,0,0
BRDA:90,3,1,0
BRDA:102,4,0,0
BRDA:102,4,1,0
BRF:10
BRH:0
end_of_record
TN:
SF:src/utils/screen-lifecycle.ts
FN:15,createScreenLifecycle
FN:22,(anonymous_1)
FN:23,(anonymous_2)
FN:30,(anonymous_3)
FN:36,(anonymous_4)
FN:37,(anonymous_5)
FN:44,(anonymous_6)
FN:54,(anonymous_7)
FN:58,(anonymous_8)
FN:65,(anonymous_9)
FN:66,(anonymous_10)
FN:67,(anonymous_11)
FNF:12
FNH:0
FNDA:0,createScreenLifecycle
FNDA:0,(anonymous_1)
FNDA:0,(anonymous_2)
FNDA:0,(anonymous_3)
FNDA:0,(anonymous_4)
FNDA:0,(anonymous_5)
FNDA:0,(anonymous_6)
FNDA:0,(anonymous_7)
FNDA:0,(anonymous_8)
FNDA:0,(anonymous_9)
FNDA:0,(anonymous_10)
FNDA:0,(anonymous_11)
DA:4,0
DA:15,0
DA:16,0
DA:17,0
DA:18,0
DA:19,0
DA:20,0
DA:22,0
DA:23,0
DA:24,0
DA:26,0
DA:27,0
DA:30,0
DA:31,0
DA:32,0
DA:33,0
DA:36,0
DA:37,0
DA:38,0
DA:40,0
DA:41,0
DA:44,0
DA:50,0
DA:51,0
DA:54,0
DA:55,0
DA:58,0
DA:59,0
DA:60,0
DA:65,0
DA:66,0
DA:67,0
DA:68,0
DA:69,0
DA:70,0
DA:71,0
DA:72,0
DA:74,0
DA:75,0
DA:76,0
DA:78,0
DA:81,0
LF:42
LH:0
BRDA:59,0,0,0
BRDA:59,0,1,0
BRDA:59,1,0,0
BRDA:59,1,1,0
BRDA:59,1,2,0
BRDA:59,1,3,0
BRDA:59,1,4,0
BRF:7
BRH:0
end_of_record
TN:
SF:src/utils/styles.ts
FN:64,(anonymous_0)
FN:75,(anonymous_1)
FNF:2
FNH:0
FNDA:0,(anonymous_0)
FNDA:0,(anonymous_1)
DA:15,0
DA:64,0
DA:65,0
DA:67,0
DA:68,0
DA:70,0
DA:75,0
DA:76,0
DA:77,0
DA:78,0
DA:79,0
LF:11
LH:0
BRDA:65,0,0,0
BRDA:65,0,1,0
BRDA:75,1,0,0
BRF:3
BRH:0
end_of_record
